<html>
<head>
<title>TestNG:  Chorme Browser</title>
<link href="../testng.css" rel="stylesheet" type="text/css" />
<link href="../my-testng.css" rel="stylesheet" type="text/css" />

<style type="text/css">
.log { display: none;} 
.stack-trace { display: none;} 
</style>
<script type="text/javascript">
<!--
function flip(e) {
  current = e.style.display;
  if (current == 'block') {
    e.style.display = 'none';
    return 0;
  }
  else {
    e.style.display = 'block';
    return 1;
  }
}

function toggleBox(szDivId, elem, msg1, msg2)
{
  var res = -1;  if (document.getElementById) {
    res = flip(document.getElementById(szDivId));
  }
  else if (document.all) {
    // this is the way old msie versions work
    res = flip(document.all[szDivId]);
  }
  if(elem) {
    if(res == 0) elem.innerHTML = msg1; else elem.innerHTML = msg2;
  }

}

function toggleAllBoxes() {
  if (document.getElementsByTagName) {
    d = document.getElementsByTagName('div');
    for (i = 0; i < d.length; i++) {
      if (d[i].className == 'log') {
        flip(d[i]);
      }
    }
  }
}

// -->
</script>

</head>
<body>
<h2 align='center'>Chorme Browser</h2><table border='1' align="center">
<tr>
<td>Tests passed/Failed/Skipped:</td><td>3/28/0</td>
</tr><tr>
<td>Started on:</td><td>Mon Jun 19 13:00:19 IST 2017</td>
</tr>
<tr><td>Total time:</td><td>19 seconds (19839 ms)</td>
</tr><tr>
<td>Included groups:</td><td></td>
</tr><tr>
<td>Excluded groups:</td><td></td>
</tr>
</table><p/>
<small><i>(Hover the method name to see the test class name)</i></small><p/>
<table width='100%' border='1' class='invocation-failed'>
<tr><td colspan='4' align='center'><b>FAILED CONFIGURATIONS</b></td></tr>
<tr><td><b>Test method</b></td>
<td width="30%"><b>Exception</b></td>
<td width="10%"><b>Time (seconds)</b></td>
<td><b>Instance</b></td>
</tr>
<tr>
<td title='SignIn.FlockSignIn.afterClass()'><b>afterClass</b><br>Test class: SignIn.FlockSignIn<br/>
<a href="#Output-833240229" onClick='toggleBox("Output-833240229", this, "Show output", "Hide output");'>Show output</a>

<a href="#Output-833240229" onClick="toggleAllBoxes();">Show all outputs</a>
<div class='log' id="Output-833240229">
afterIncovation - Completed executing following method : FlockSignIn.afterClass<br/>
</div>
</td>
<td><div><pre>java.lang.NullPointerException
	at SignIn.FlockSignIn.afterClass(FlockSignIn.java:357)
... Removed 25 stack frames</pre></div><a href='#' onClick='toggleBox("stack-trace833240229", this, "Click to show all stack frames", "Click to hide stack frames")'>Click to show all stack frames</a>
<div class='stack-trace' id='stack-trace833240229'><pre>java.lang.NullPointerException
	at SignIn.FlockSignIn.afterClass(FlockSignIn.java:357)
	at sun.reflect.NativeMethodAccessorImpl.invoke0(Native Method)
	at sun.reflect.NativeMethodAccessorImpl.invoke(Unknown Source)
	at sun.reflect.DelegatingMethodAccessorImpl.invoke(Unknown Source)
	at java.lang.reflect.Method.invoke(Unknown Source)
	at org.testng.internal.MethodInvocationHelper.invokeMethod(MethodInvocationHelper.java:108)
	at org.testng.internal.Invoker.invokeConfigurationMethod(Invoker.java:523)
	at org.testng.internal.Invoker.invokeConfigurations(Invoker.java:224)
	at org.testng.internal.Invoker.invokeConfigurations(Invoker.java:146)
	at org.testng.internal.TestMethodWorker.invokeAfterClassMethods(TestMethodWorker.java:212)
	at org.testng.internal.TestMethodWorker.run(TestMethodWorker.java:112)
	at org.testng.TestRunner.privateRun(TestRunner.java:744)
	at org.testng.TestRunner.run(TestRunner.java:602)
	at org.testng.SuiteRunner.runTest(SuiteRunner.java:380)
	at org.testng.SuiteRunner.runSequentially(SuiteRunner.java:375)
	at org.testng.SuiteRunner.privateRun(SuiteRunner.java:340)
	at org.testng.SuiteRunner.run(SuiteRunner.java:289)
	at org.testng.SuiteRunnerWorker.runSuite(SuiteRunnerWorker.java:52)
	at org.testng.SuiteRunnerWorker.run(SuiteRunnerWorker.java:86)
	at org.testng.TestNG.runSuitesSequentially(TestNG.java:1301)
	at org.testng.TestNG.runSuitesLocally(TestNG.java:1226)
	at org.testng.TestNG.runSuites(TestNG.java:1144)
	at org.testng.TestNG.run(TestNG.java:1115)
	at org.testng.remote.AbstractRemoteTestNG.run(AbstractRemoteTestNG.java:132)
	at org.testng.remote.RemoteTestNG.initAndRun(RemoteTestNG.java:230)
	at org.testng.remote.RemoteTestNG.main(RemoteTestNG.java:76)
</pre></div></td>
<td>10</td>
<td>SignIn.FlockSignIn@61832929</td></tr>
</table><p>
<table width='100%' border='1' class='invocation-skipped'>
<tr><td colspan='4' align='center'><b>SKIPPED CONFIGURATIONS</b></td></tr>
<tr><td><b>Test method</b></td>
<td width="30%"><b>Exception</b></td>
<td width="10%"><b>Time (seconds)</b></td>
<td><b>Instance</b></td>
</tr>
<tr>
<td title='SignIn.FlockSignIn.afterTest()'><b>afterTest</b><br>Test class: SignIn.FlockSignIn</td>
<td></td>
<td>0</td>
<td>SignIn.FlockSignIn@61832929</td></tr>
</table><p>
<table width='100%' border='1' class='invocation-failed'>
<tr><td colspan='4' align='center'><b>FAILED TESTS</b></td></tr>
<tr><td><b>Test method</b></td>
<td width="30%"><b>Exception</b></td>
<td width="10%"><b>Time (seconds)</b></td>
<td><b>Instance</b></td>
</tr>
<tr>
<td title='SignIn.FlockSignIn.Heading()'><b>Heading</b><br>Test class: SignIn.FlockSignIn<br/>
<a href="#Output-832292933" onClick='toggleBox("Output-832292933", this, "Show output", "Hide output");'>Show output</a>

<a href="#Output-832292933" onClick="toggleAllBoxes();">Show all outputs</a>
<div class='log' id="Output-832292933">
beforeInvocation - About to begin executing following method : FlockSignIn.Heading<br/>
afterIncovation - Completed executing following method : FlockSignIn.Heading<br/>
</div>
</td>
<td><div><pre>java.lang.NullPointerException
	at utilities.GenericMethods.implicitWait(GenericMethods.java:213)
	at SignIn.FlockSignIn.Heading(FlockSignIn.java:63)
... Removed 25 stack frames</pre></div><a href='#' onClick='toggleBox("stack-trace832292933", this, "Click to show all stack frames", "Click to hide stack frames")'>Click to show all stack frames</a>
<div class='stack-trace' id='stack-trace832292933'><pre>java.lang.NullPointerException
	at utilities.GenericMethods.implicitWait(GenericMethods.java:213)
	at SignIn.FlockSignIn.Heading(FlockSignIn.java:63)
	at sun.reflect.NativeMethodAccessorImpl.invoke0(Native Method)
	at sun.reflect.NativeMethodAccessorImpl.invoke(Unknown Source)
	at sun.reflect.DelegatingMethodAccessorImpl.invoke(Unknown Source)
	at java.lang.reflect.Method.invoke(Unknown Source)
	at org.testng.internal.MethodInvocationHelper.invokeMethod(MethodInvocationHelper.java:108)
	at org.testng.internal.Invoker.invokeMethod(Invoker.java:661)
	at org.testng.internal.Invoker.invokeTestMethod(Invoker.java:869)
	at org.testng.internal.Invoker.invokeTestMethods(Invoker.java:1193)
	at org.testng.internal.TestMethodWorker.invokeTestMethods(TestMethodWorker.java:126)
	at org.testng.internal.TestMethodWorker.run(TestMethodWorker.java:109)
	at org.testng.TestRunner.privateRun(TestRunner.java:744)
	at org.testng.TestRunner.run(TestRunner.java:602)
	at org.testng.SuiteRunner.runTest(SuiteRunner.java:380)
	at org.testng.SuiteRunner.runSequentially(SuiteRunner.java:375)
	at org.testng.SuiteRunner.privateRun(SuiteRunner.java:340)
	at org.testng.SuiteRunner.run(SuiteRunner.java:289)
	at org.testng.SuiteRunnerWorker.runSuite(SuiteRunnerWorker.java:52)
	at org.testng.SuiteRunnerWorker.run(SuiteRunnerWorker.java:86)
	at org.testng.TestNG.runSuitesSequentially(TestNG.java:1301)
	at org.testng.TestNG.runSuitesLocally(TestNG.java:1226)
	at org.testng.TestNG.runSuites(TestNG.java:1144)
	at org.testng.TestNG.run(TestNG.java:1115)
	at org.testng.remote.AbstractRemoteTestNG.run(AbstractRemoteTestNG.java:132)
	at org.testng.remote.RemoteTestNG.initAndRun(RemoteTestNG.java:230)
	at org.testng.remote.RemoteTestNG.main(RemoteTestNG.java:76)
</pre></div></td>
<td>0</td>
<td>SignIn.FlockSignIn@61832929</td></tr>
<tr>
<td title='SignIn.FlockSignIn.checkEditButton()'><b>checkEditButton</b><br>Test class: SignIn.FlockSignIn<br/>
<a href="#Output-2126723403" onClick='toggleBox("Output-2126723403", this, "Show output", "Hide output");'>Show output</a>

<a href="#Output-2126723403" onClick="toggleAllBoxes();">Show all outputs</a>
<div class='log' id="Output-2126723403">
beforeInvocation - About to begin executing following method : FlockSignIn.checkEditButton<br/>
afterIncovation - Completed executing following method : FlockSignIn.checkEditButton<br/>
</div>
</td>
<td><div><pre>java.lang.NullPointerException
	at utilities.GenericMethods.elementDisplayed(GenericMethods.java:156)
	at SignIn.FlockSignIn.checkEditButton(FlockSignIn.java:315)
... Removed 25 stack frames</pre></div><a href='#' onClick='toggleBox("stack-trace2126723403", this, "Click to show all stack frames", "Click to hide stack frames")'>Click to show all stack frames</a>
<div class='stack-trace' id='stack-trace2126723403'><pre>java.lang.NullPointerException
	at utilities.GenericMethods.elementDisplayed(GenericMethods.java:156)
	at SignIn.FlockSignIn.checkEditButton(FlockSignIn.java:315)
	at sun.reflect.NativeMethodAccessorImpl.invoke0(Native Method)
	at sun.reflect.NativeMethodAccessorImpl.invoke(Unknown Source)
	at sun.reflect.DelegatingMethodAccessorImpl.invoke(Unknown Source)
	at java.lang.reflect.Method.invoke(Unknown Source)
	at org.testng.internal.MethodInvocationHelper.invokeMethod(MethodInvocationHelper.java:108)
	at org.testng.internal.Invoker.invokeMethod(Invoker.java:661)
	at org.testng.internal.Invoker.invokeTestMethod(Invoker.java:869)
	at org.testng.internal.Invoker.invokeTestMethods(Invoker.java:1193)
	at org.testng.internal.TestMethodWorker.invokeTestMethods(TestMethodWorker.java:126)
	at org.testng.internal.TestMethodWorker.run(TestMethodWorker.java:109)
	at org.testng.TestRunner.privateRun(TestRunner.java:744)
	at org.testng.TestRunner.run(TestRunner.java:602)
	at org.testng.SuiteRunner.runTest(SuiteRunner.java:380)
	at org.testng.SuiteRunner.runSequentially(SuiteRunner.java:375)
	at org.testng.SuiteRunner.privateRun(SuiteRunner.java:340)
	at org.testng.SuiteRunner.run(SuiteRunner.java:289)
	at org.testng.SuiteRunnerWorker.runSuite(SuiteRunnerWorker.java:52)
	at org.testng.SuiteRunnerWorker.run(SuiteRunnerWorker.java:86)
	at org.testng.TestNG.runSuitesSequentially(TestNG.java:1301)
	at org.testng.TestNG.runSuitesLocally(TestNG.java:1226)
	at org.testng.TestNG.runSuites(TestNG.java:1144)
	at org.testng.TestNG.run(TestNG.java:1115)
	at org.testng.remote.AbstractRemoteTestNG.run(AbstractRemoteTestNG.java:132)
	at org.testng.remote.RemoteTestNG.initAndRun(RemoteTestNG.java:230)
	at org.testng.remote.RemoteTestNG.main(RemoteTestNG.java:76)
</pre></div></td>
<td>0</td>
<td>SignIn.FlockSignIn@61832929</td></tr>
<tr>
<td title='SignIn.FlockSignIn.contactSupport()'><b>contactSupport</b><br>Test class: SignIn.FlockSignIn<br/>
<a href="#Output-1424108509" onClick='toggleBox("Output-1424108509", this, "Show output", "Hide output");'>Show output</a>

<a href="#Output-1424108509" onClick="toggleAllBoxes();">Show all outputs</a>
<div class='log' id="Output-1424108509">
beforeInvocation - About to begin executing following method : FlockSignIn.contactSupport<br/>
afterIncovation - Completed executing following method : FlockSignIn.contactSupport<br/>
</div>
</td>
<td><div><pre>java.lang.NullPointerException
	at utilities.GenericMethods.elementDisplayed(GenericMethods.java:156)
	at SignIn.FlockSignIn.contactSupport(FlockSignIn.java:74)
... Removed 25 stack frames</pre></div><a href='#' onClick='toggleBox("stack-trace1424108509", this, "Click to show all stack frames", "Click to hide stack frames")'>Click to show all stack frames</a>
<div class='stack-trace' id='stack-trace1424108509'><pre>java.lang.NullPointerException
	at utilities.GenericMethods.elementDisplayed(GenericMethods.java:156)
	at SignIn.FlockSignIn.contactSupport(FlockSignIn.java:74)
	at sun.reflect.NativeMethodAccessorImpl.invoke0(Native Method)
	at sun.reflect.NativeMethodAccessorImpl.invoke(Unknown Source)
	at sun.reflect.DelegatingMethodAccessorImpl.invoke(Unknown Source)
	at java.lang.reflect.Method.invoke(Unknown Source)
	at org.testng.internal.MethodInvocationHelper.invokeMethod(MethodInvocationHelper.java:108)
	at org.testng.internal.Invoker.invokeMethod(Invoker.java:661)
	at org.testng.internal.Invoker.invokeTestMethod(Invoker.java:869)
	at org.testng.internal.Invoker.invokeTestMethods(Invoker.java:1193)
	at org.testng.internal.TestMethodWorker.invokeTestMethods(TestMethodWorker.java:126)
	at org.testng.internal.TestMethodWorker.run(TestMethodWorker.java:109)
	at org.testng.TestRunner.privateRun(TestRunner.java:744)
	at org.testng.TestRunner.run(TestRunner.java:602)
	at org.testng.SuiteRunner.runTest(SuiteRunner.java:380)
	at org.testng.SuiteRunner.runSequentially(SuiteRunner.java:375)
	at org.testng.SuiteRunner.privateRun(SuiteRunner.java:340)
	at org.testng.SuiteRunner.run(SuiteRunner.java:289)
	at org.testng.SuiteRunnerWorker.runSuite(SuiteRunnerWorker.java:52)
	at org.testng.SuiteRunnerWorker.run(SuiteRunnerWorker.java:86)
	at org.testng.TestNG.runSuitesSequentially(TestNG.java:1301)
	at org.testng.TestNG.runSuitesLocally(TestNG.java:1226)
	at org.testng.TestNG.runSuites(TestNG.java:1144)
	at org.testng.TestNG.run(TestNG.java:1115)
	at org.testng.remote.AbstractRemoteTestNG.run(AbstractRemoteTestNG.java:132)
	at org.testng.remote.RemoteTestNG.initAndRun(RemoteTestNG.java:230)
	at org.testng.remote.RemoteTestNG.main(RemoteTestNG.java:76)
</pre></div></td>
<td>0</td>
<td>SignIn.FlockSignIn@61832929</td></tr>
<tr>
<td title='SignIn.FlockSignIn.emailPlaceHolder()'><b>emailPlaceHolder</b><br>Test class: SignIn.FlockSignIn<br/>
<a href="#Output-234740890" onClick='toggleBox("Output-234740890", this, "Show output", "Hide output");'>Show output</a>

<a href="#Output-234740890" onClick="toggleAllBoxes();">Show all outputs</a>
<div class='log' id="Output-234740890">
beforeInvocation - About to begin executing following method : FlockSignIn.emailPlaceHolder<br/>
afterIncovation - Completed executing following method : FlockSignIn.emailPlaceHolder<br/>
</div>
</td>
<td><div><pre>java.lang.NullPointerException
	at utilities.GenericMethods.elementDisplayed(GenericMethods.java:156)
	at SignIn.FlockSignIn.emailPlaceHolder(FlockSignIn.java:186)
... Removed 25 stack frames</pre></div><a href='#' onClick='toggleBox("stack-trace234740890", this, "Click to show all stack frames", "Click to hide stack frames")'>Click to show all stack frames</a>
<div class='stack-trace' id='stack-trace234740890'><pre>java.lang.NullPointerException
	at utilities.GenericMethods.elementDisplayed(GenericMethods.java:156)
	at SignIn.FlockSignIn.emailPlaceHolder(FlockSignIn.java:186)
	at sun.reflect.NativeMethodAccessorImpl.invoke0(Native Method)
	at sun.reflect.NativeMethodAccessorImpl.invoke(Unknown Source)
	at sun.reflect.DelegatingMethodAccessorImpl.invoke(Unknown Source)
	at java.lang.reflect.Method.invoke(Unknown Source)
	at org.testng.internal.MethodInvocationHelper.invokeMethod(MethodInvocationHelper.java:108)
	at org.testng.internal.Invoker.invokeMethod(Invoker.java:661)
	at org.testng.internal.Invoker.invokeTestMethod(Invoker.java:869)
	at org.testng.internal.Invoker.invokeTestMethods(Invoker.java:1193)
	at org.testng.internal.TestMethodWorker.invokeTestMethods(TestMethodWorker.java:126)
	at org.testng.internal.TestMethodWorker.run(TestMethodWorker.java:109)
	at org.testng.TestRunner.privateRun(TestRunner.java:744)
	at org.testng.TestRunner.run(TestRunner.java:602)
	at org.testng.SuiteRunner.runTest(SuiteRunner.java:380)
	at org.testng.SuiteRunner.runSequentially(SuiteRunner.java:375)
	at org.testng.SuiteRunner.privateRun(SuiteRunner.java:340)
	at org.testng.SuiteRunner.run(SuiteRunner.java:289)
	at org.testng.SuiteRunnerWorker.runSuite(SuiteRunnerWorker.java:52)
	at org.testng.SuiteRunnerWorker.run(SuiteRunnerWorker.java:86)
	at org.testng.TestNG.runSuitesSequentially(TestNG.java:1301)
	at org.testng.TestNG.runSuitesLocally(TestNG.java:1226)
	at org.testng.TestNG.runSuites(TestNG.java:1144)
	at org.testng.TestNG.run(TestNG.java:1115)
	at org.testng.remote.AbstractRemoteTestNG.run(AbstractRemoteTestNG.java:132)
	at org.testng.remote.RemoteTestNG.initAndRun(RemoteTestNG.java:230)
	at org.testng.remote.RemoteTestNG.main(RemoteTestNG.java:76)
</pre></div></td>
<td>0</td>
<td>SignIn.FlockSignIn@61832929</td></tr>
<tr>
<td title='SignIn.FlockSignIn.errorMessage()'><b>errorMessage</b><br>Test class: SignIn.FlockSignIn<br>Parameters: <br/>
<a href="#Output-415565467" onClick='toggleBox("Output-415565467", this, "Show output", "Hide output");'>Show output</a>

<a href="#Output-415565467" onClick="toggleAllBoxes();">Show all outputs</a>
<div class='log' id="Output-415565467">
beforeInvocation - About to begin executing following method : FlockSignIn.errorMessage<br/>
afterIncovation - Completed executing following method : FlockSignIn.errorMessage<br/>
</div>
</td>
<td><div><pre>java.lang.NullPointerException
	at utilities.GenericMethods.elementIsDisplayed(GenericMethods.java:167)
	at SignIn.FlockSignIn.errorMessage(FlockSignIn.java:208)
... Removed 25 stack frames</pre></div><a href='#' onClick='toggleBox("stack-trace415565467", this, "Click to show all stack frames", "Click to hide stack frames")'>Click to show all stack frames</a>
<div class='stack-trace' id='stack-trace415565467'><pre>java.lang.NullPointerException
	at utilities.GenericMethods.elementIsDisplayed(GenericMethods.java:167)
	at SignIn.FlockSignIn.errorMessage(FlockSignIn.java:208)
	at sun.reflect.NativeMethodAccessorImpl.invoke0(Native Method)
	at sun.reflect.NativeMethodAccessorImpl.invoke(Unknown Source)
	at sun.reflect.DelegatingMethodAccessorImpl.invoke(Unknown Source)
	at java.lang.reflect.Method.invoke(Unknown Source)
	at org.testng.internal.MethodInvocationHelper.invokeMethod(MethodInvocationHelper.java:108)
	at org.testng.internal.Invoker.invokeMethod(Invoker.java:661)
	at org.testng.internal.Invoker.invokeTestMethod(Invoker.java:869)
	at org.testng.internal.Invoker.invokeTestMethods(Invoker.java:1193)
	at org.testng.internal.TestMethodWorker.invokeTestMethods(TestMethodWorker.java:126)
	at org.testng.internal.TestMethodWorker.run(TestMethodWorker.java:109)
	at org.testng.TestRunner.privateRun(TestRunner.java:744)
	at org.testng.TestRunner.run(TestRunner.java:602)
	at org.testng.SuiteRunner.runTest(SuiteRunner.java:380)
	at org.testng.SuiteRunner.runSequentially(SuiteRunner.java:375)
	at org.testng.SuiteRunner.privateRun(SuiteRunner.java:340)
	at org.testng.SuiteRunner.run(SuiteRunner.java:289)
	at org.testng.SuiteRunnerWorker.runSuite(SuiteRunnerWorker.java:52)
	at org.testng.SuiteRunnerWorker.run(SuiteRunnerWorker.java:86)
	at org.testng.TestNG.runSuitesSequentially(TestNG.java:1301)
	at org.testng.TestNG.runSuitesLocally(TestNG.java:1226)
	at org.testng.TestNG.runSuites(TestNG.java:1144)
	at org.testng.TestNG.run(TestNG.java:1115)
	at org.testng.remote.AbstractRemoteTestNG.run(AbstractRemoteTestNG.java:132)
	at org.testng.remote.RemoteTestNG.initAndRun(RemoteTestNG.java:230)
	at org.testng.remote.RemoteTestNG.main(RemoteTestNG.java:76)
</pre></div></td>
<td>0</td>
<td>SignIn.FlockSignIn@61832929</td></tr>
<tr>
<td title='SignIn.FlockSignIn.errorMessage()'><b>errorMessage</b><br>Test class: SignIn.FlockSignIn<br>Parameters: jffhfhfh<br/>
<a href="#Output-847320212" onClick='toggleBox("Output-847320212", this, "Show output", "Hide output");'>Show output</a>

<a href="#Output-847320212" onClick="toggleAllBoxes();">Show all outputs</a>
<div class='log' id="Output-847320212">
beforeInvocation - About to begin executing following method : FlockSignIn.errorMessage<br/>
afterIncovation - Completed executing following method : FlockSignIn.errorMessage<br/>
</div>
</td>
<td><div><pre>java.lang.NullPointerException
	at utilities.GenericMethods.elementIsDisplayed(GenericMethods.java:167)
	at SignIn.FlockSignIn.errorMessage(FlockSignIn.java:208)
... Removed 25 stack frames</pre></div><a href='#' onClick='toggleBox("stack-trace847320212", this, "Click to show all stack frames", "Click to hide stack frames")'>Click to show all stack frames</a>
<div class='stack-trace' id='stack-trace847320212'><pre>java.lang.NullPointerException
	at utilities.GenericMethods.elementIsDisplayed(GenericMethods.java:167)
	at SignIn.FlockSignIn.errorMessage(FlockSignIn.java:208)
	at sun.reflect.NativeMethodAccessorImpl.invoke0(Native Method)
	at sun.reflect.NativeMethodAccessorImpl.invoke(Unknown Source)
	at sun.reflect.DelegatingMethodAccessorImpl.invoke(Unknown Source)
	at java.lang.reflect.Method.invoke(Unknown Source)
	at org.testng.internal.MethodInvocationHelper.invokeMethod(MethodInvocationHelper.java:108)
	at org.testng.internal.Invoker.invokeMethod(Invoker.java:661)
	at org.testng.internal.Invoker.invokeTestMethod(Invoker.java:869)
	at org.testng.internal.Invoker.invokeTestMethods(Invoker.java:1193)
	at org.testng.internal.TestMethodWorker.invokeTestMethods(TestMethodWorker.java:126)
	at org.testng.internal.TestMethodWorker.run(TestMethodWorker.java:109)
	at org.testng.TestRunner.privateRun(TestRunner.java:744)
	at org.testng.TestRunner.run(TestRunner.java:602)
	at org.testng.SuiteRunner.runTest(SuiteRunner.java:380)
	at org.testng.SuiteRunner.runSequentially(SuiteRunner.java:375)
	at org.testng.SuiteRunner.privateRun(SuiteRunner.java:340)
	at org.testng.SuiteRunner.run(SuiteRunner.java:289)
	at org.testng.SuiteRunnerWorker.runSuite(SuiteRunnerWorker.java:52)
	at org.testng.SuiteRunnerWorker.run(SuiteRunnerWorker.java:86)
	at org.testng.TestNG.runSuitesSequentially(TestNG.java:1301)
	at org.testng.TestNG.runSuitesLocally(TestNG.java:1226)
	at org.testng.TestNG.runSuites(TestNG.java:1144)
	at org.testng.TestNG.run(TestNG.java:1115)
	at org.testng.remote.AbstractRemoteTestNG.run(AbstractRemoteTestNG.java:132)
	at org.testng.remote.RemoteTestNG.initAndRun(RemoteTestNG.java:230)
	at org.testng.remote.RemoteTestNG.main(RemoteTestNG.java:76)
</pre></div></td>
<td>0</td>
<td>SignIn.FlockSignIn@61832929</td></tr>
<tr>
<td title='SignIn.FlockSignIn.errorMessage()'><b>errorMessage</b><br>Test class: SignIn.FlockSignIn<br>Parameters: jffhfhfh@jdjdjjdj<br/>
<a href="#Output-349259569" onClick='toggleBox("Output-349259569", this, "Show output", "Hide output");'>Show output</a>

<a href="#Output-349259569" onClick="toggleAllBoxes();">Show all outputs</a>
<div class='log' id="Output-349259569">
beforeInvocation - About to begin executing following method : FlockSignIn.errorMessage<br/>
afterIncovation - Completed executing following method : FlockSignIn.errorMessage<br/>
</div>
</td>
<td><div><pre>java.lang.NullPointerException
	at utilities.GenericMethods.elementIsDisplayed(GenericMethods.java:167)
	at SignIn.FlockSignIn.errorMessage(FlockSignIn.java:208)
... Removed 25 stack frames</pre></div><a href='#' onClick='toggleBox("stack-trace349259569", this, "Click to show all stack frames", "Click to hide stack frames")'>Click to show all stack frames</a>
<div class='stack-trace' id='stack-trace349259569'><pre>java.lang.NullPointerException
	at utilities.GenericMethods.elementIsDisplayed(GenericMethods.java:167)
	at SignIn.FlockSignIn.errorMessage(FlockSignIn.java:208)
	at sun.reflect.NativeMethodAccessorImpl.invoke0(Native Method)
	at sun.reflect.NativeMethodAccessorImpl.invoke(Unknown Source)
	at sun.reflect.DelegatingMethodAccessorImpl.invoke(Unknown Source)
	at java.lang.reflect.Method.invoke(Unknown Source)
	at org.testng.internal.MethodInvocationHelper.invokeMethod(MethodInvocationHelper.java:108)
	at org.testng.internal.Invoker.invokeMethod(Invoker.java:661)
	at org.testng.internal.Invoker.invokeTestMethod(Invoker.java:869)
	at org.testng.internal.Invoker.invokeTestMethods(Invoker.java:1193)
	at org.testng.internal.TestMethodWorker.invokeTestMethods(TestMethodWorker.java:126)
	at org.testng.internal.TestMethodWorker.run(TestMethodWorker.java:109)
	at org.testng.TestRunner.privateRun(TestRunner.java:744)
	at org.testng.TestRunner.run(TestRunner.java:602)
	at org.testng.SuiteRunner.runTest(SuiteRunner.java:380)
	at org.testng.SuiteRunner.runSequentially(SuiteRunner.java:375)
	at org.testng.SuiteRunner.privateRun(SuiteRunner.java:340)
	at org.testng.SuiteRunner.run(SuiteRunner.java:289)
	at org.testng.SuiteRunnerWorker.runSuite(SuiteRunnerWorker.java:52)
	at org.testng.SuiteRunnerWorker.run(SuiteRunnerWorker.java:86)
	at org.testng.TestNG.runSuitesSequentially(TestNG.java:1301)
	at org.testng.TestNG.runSuitesLocally(TestNG.java:1226)
	at org.testng.TestNG.runSuites(TestNG.java:1144)
	at org.testng.TestNG.run(TestNG.java:1115)
	at org.testng.remote.AbstractRemoteTestNG.run(AbstractRemoteTestNG.java:132)
	at org.testng.remote.RemoteTestNG.initAndRun(RemoteTestNG.java:230)
	at org.testng.remote.RemoteTestNG.main(RemoteTestNG.java:76)
</pre></div></td>
<td>0</td>
<td>SignIn.FlockSignIn@61832929</td></tr>
<tr>
<td title='SignIn.FlockSignIn.googleAuthButton()'><b>googleAuthButton</b><br>Test class: SignIn.FlockSignIn<br/>
<a href="#Output-1272051933" onClick='toggleBox("Output-1272051933", this, "Show output", "Hide output");'>Show output</a>

<a href="#Output-1272051933" onClick="toggleAllBoxes();">Show all outputs</a>
<div class='log' id="Output-1272051933">
beforeInvocation - About to begin executing following method : FlockSignIn.googleAuthButton<br/>
afterIncovation - Completed executing following method : FlockSignIn.googleAuthButton<br/>
</div>
</td>
<td><div><pre>java.lang.NullPointerException
	at utilities.GenericMethods.elementDisplayed(GenericMethods.java:156)
	at SignIn.FlockSignIn.googleAuthButton(FlockSignIn.java:237)
... Removed 25 stack frames</pre></div><a href='#' onClick='toggleBox("stack-trace1272051933", this, "Click to show all stack frames", "Click to hide stack frames")'>Click to show all stack frames</a>
<div class='stack-trace' id='stack-trace1272051933'><pre>java.lang.NullPointerException
	at utilities.GenericMethods.elementDisplayed(GenericMethods.java:156)
	at SignIn.FlockSignIn.googleAuthButton(FlockSignIn.java:237)
	at sun.reflect.NativeMethodAccessorImpl.invoke0(Native Method)
	at sun.reflect.NativeMethodAccessorImpl.invoke(Unknown Source)
	at sun.reflect.DelegatingMethodAccessorImpl.invoke(Unknown Source)
	at java.lang.reflect.Method.invoke(Unknown Source)
	at org.testng.internal.MethodInvocationHelper.invokeMethod(MethodInvocationHelper.java:108)
	at org.testng.internal.Invoker.invokeMethod(Invoker.java:661)
	at org.testng.internal.Invoker.invokeTestMethod(Invoker.java:869)
	at org.testng.internal.Invoker.invokeTestMethods(Invoker.java:1193)
	at org.testng.internal.TestMethodWorker.invokeTestMethods(TestMethodWorker.java:126)
	at org.testng.internal.TestMethodWorker.run(TestMethodWorker.java:109)
	at org.testng.TestRunner.privateRun(TestRunner.java:744)
	at org.testng.TestRunner.run(TestRunner.java:602)
	at org.testng.SuiteRunner.runTest(SuiteRunner.java:380)
	at org.testng.SuiteRunner.runSequentially(SuiteRunner.java:375)
	at org.testng.SuiteRunner.privateRun(SuiteRunner.java:340)
	at org.testng.SuiteRunner.run(SuiteRunner.java:289)
	at org.testng.SuiteRunnerWorker.runSuite(SuiteRunnerWorker.java:52)
	at org.testng.SuiteRunnerWorker.run(SuiteRunnerWorker.java:86)
	at org.testng.TestNG.runSuitesSequentially(TestNG.java:1301)
	at org.testng.TestNG.runSuitesLocally(TestNG.java:1226)
	at org.testng.TestNG.runSuites(TestNG.java:1144)
	at org.testng.TestNG.run(TestNG.java:1115)
	at org.testng.remote.AbstractRemoteTestNG.run(AbstractRemoteTestNG.java:132)
	at org.testng.remote.RemoteTestNG.initAndRun(RemoteTestNG.java:230)
	at org.testng.remote.RemoteTestNG.main(RemoteTestNG.java:76)
</pre></div></td>
<td>0</td>
<td>SignIn.FlockSignIn@61832929</td></tr>
<tr>
<td title='SignIn.FlockSignIn.googleAuthHeading()'><b>googleAuthHeading</b><br>Test class: SignIn.FlockSignIn<br/>
<a href="#Output-79161706" onClick='toggleBox("Output-79161706", this, "Show output", "Hide output");'>Show output</a>

<a href="#Output-79161706" onClick="toggleAllBoxes();">Show all outputs</a>
<div class='log' id="Output-79161706">
beforeInvocation - About to begin executing following method : FlockSignIn.googleAuthHeading<br/>
afterIncovation - Completed executing following method : FlockSignIn.googleAuthHeading<br/>
</div>
</td>
<td><div><pre>java.lang.NullPointerException
	at utilities.GenericMethods.implicitWait(GenericMethods.java:213)
	at SignIn.FlockSignIn.googleAuthHeading(FlockSignIn.java:221)
... Removed 25 stack frames</pre></div><a href='#' onClick='toggleBox("stack-trace79161706", this, "Click to show all stack frames", "Click to hide stack frames")'>Click to show all stack frames</a>
<div class='stack-trace' id='stack-trace79161706'><pre>java.lang.NullPointerException
	at utilities.GenericMethods.implicitWait(GenericMethods.java:213)
	at SignIn.FlockSignIn.googleAuthHeading(FlockSignIn.java:221)
	at sun.reflect.NativeMethodAccessorImpl.invoke0(Native Method)
	at sun.reflect.NativeMethodAccessorImpl.invoke(Unknown Source)
	at sun.reflect.DelegatingMethodAccessorImpl.invoke(Unknown Source)
	at java.lang.reflect.Method.invoke(Unknown Source)
	at org.testng.internal.MethodInvocationHelper.invokeMethod(MethodInvocationHelper.java:108)
	at org.testng.internal.Invoker.invokeMethod(Invoker.java:661)
	at org.testng.internal.Invoker.invokeTestMethod(Invoker.java:869)
	at org.testng.internal.Invoker.invokeTestMethods(Invoker.java:1193)
	at org.testng.internal.TestMethodWorker.invokeTestMethods(TestMethodWorker.java:126)
	at org.testng.internal.TestMethodWorker.run(TestMethodWorker.java:109)
	at org.testng.TestRunner.privateRun(TestRunner.java:744)
	at org.testng.TestRunner.run(TestRunner.java:602)
	at org.testng.SuiteRunner.runTest(SuiteRunner.java:380)
	at org.testng.SuiteRunner.runSequentially(SuiteRunner.java:375)
	at org.testng.SuiteRunner.privateRun(SuiteRunner.java:340)
	at org.testng.SuiteRunner.run(SuiteRunner.java:289)
	at org.testng.SuiteRunnerWorker.runSuite(SuiteRunnerWorker.java:52)
	at org.testng.SuiteRunnerWorker.run(SuiteRunnerWorker.java:86)
	at org.testng.TestNG.runSuitesSequentially(TestNG.java:1301)
	at org.testng.TestNG.runSuitesLocally(TestNG.java:1226)
	at org.testng.TestNG.runSuites(TestNG.java:1144)
	at org.testng.TestNG.run(TestNG.java:1115)
	at org.testng.remote.AbstractRemoteTestNG.run(AbstractRemoteTestNG.java:132)
	at org.testng.remote.RemoteTestNG.initAndRun(RemoteTestNG.java:230)
	at org.testng.remote.RemoteTestNG.main(RemoteTestNG.java:76)
</pre></div></td>
<td>0</td>
<td>SignIn.FlockSignIn@61832929</td></tr>
<tr>
<td title='SignIn.FlockSignIn.googleAuthNote()'><b>googleAuthNote</b><br>Test class: SignIn.FlockSignIn<br/>
<a href="#Output-424786033" onClick='toggleBox("Output-424786033", this, "Show output", "Hide output");'>Show output</a>

<a href="#Output-424786033" onClick="toggleAllBoxes();">Show all outputs</a>
<div class='log' id="Output-424786033">
beforeInvocation - About to begin executing following method : FlockSignIn.googleAuthNote<br/>
afterIncovation - Completed executing following method : FlockSignIn.googleAuthNote<br/>
</div>
</td>
<td><div><pre>java.lang.NullPointerException
	at utilities.GenericMethods.elementDisplayed(GenericMethods.java:156)
	at SignIn.FlockSignIn.googleAuthNote(FlockSignIn.java:251)
... Removed 25 stack frames</pre></div><a href='#' onClick='toggleBox("stack-trace424786033", this, "Click to show all stack frames", "Click to hide stack frames")'>Click to show all stack frames</a>
<div class='stack-trace' id='stack-trace424786033'><pre>java.lang.NullPointerException
	at utilities.GenericMethods.elementDisplayed(GenericMethods.java:156)
	at SignIn.FlockSignIn.googleAuthNote(FlockSignIn.java:251)
	at sun.reflect.NativeMethodAccessorImpl.invoke0(Native Method)
	at sun.reflect.NativeMethodAccessorImpl.invoke(Unknown Source)
	at sun.reflect.DelegatingMethodAccessorImpl.invoke(Unknown Source)
	at java.lang.reflect.Method.invoke(Unknown Source)
	at org.testng.internal.MethodInvocationHelper.invokeMethod(MethodInvocationHelper.java:108)
	at org.testng.internal.Invoker.invokeMethod(Invoker.java:661)
	at org.testng.internal.Invoker.invokeTestMethod(Invoker.java:869)
	at org.testng.internal.Invoker.invokeTestMethods(Invoker.java:1193)
	at org.testng.internal.TestMethodWorker.invokeTestMethods(TestMethodWorker.java:126)
	at org.testng.internal.TestMethodWorker.run(TestMethodWorker.java:109)
	at org.testng.TestRunner.privateRun(TestRunner.java:744)
	at org.testng.TestRunner.run(TestRunner.java:602)
	at org.testng.SuiteRunner.runTest(SuiteRunner.java:380)
	at org.testng.SuiteRunner.runSequentially(SuiteRunner.java:375)
	at org.testng.SuiteRunner.privateRun(SuiteRunner.java:340)
	at org.testng.SuiteRunner.run(SuiteRunner.java:289)
	at org.testng.SuiteRunnerWorker.runSuite(SuiteRunnerWorker.java:52)
	at org.testng.SuiteRunnerWorker.run(SuiteRunnerWorker.java:86)
	at org.testng.TestNG.runSuitesSequentially(TestNG.java:1301)
	at org.testng.TestNG.runSuitesLocally(TestNG.java:1226)
	at org.testng.TestNG.runSuites(TestNG.java:1144)
	at org.testng.TestNG.run(TestNG.java:1115)
	at org.testng.remote.AbstractRemoteTestNG.run(AbstractRemoteTestNG.java:132)
	at org.testng.remote.RemoteTestNG.initAndRun(RemoteTestNG.java:230)
	at org.testng.remote.RemoteTestNG.main(RemoteTestNG.java:76)
</pre></div></td>
<td>0</td>
<td>SignIn.FlockSignIn@61832929</td></tr>
<tr>
<td title='SignIn.FlockSignIn.googleAuthSkipButton()'><b>googleAuthSkipButton</b><br>Test class: SignIn.FlockSignIn<br/>
<a href="#Output-1016633682" onClick='toggleBox("Output-1016633682", this, "Show output", "Hide output");'>Show output</a>

<a href="#Output-1016633682" onClick="toggleAllBoxes();">Show all outputs</a>
<div class='log' id="Output-1016633682">
beforeInvocation - About to begin executing following method : FlockSignIn.googleAuthSkipButton<br/>
afterIncovation - Completed executing following method : FlockSignIn.googleAuthSkipButton<br/>
</div>
</td>
<td><div><pre>java.lang.NullPointerException
	at utilities.GenericMethods.elementDisplayed(GenericMethods.java:156)
	at SignIn.FlockSignIn.googleAuthSkipButton(FlockSignIn.java:244)
... Removed 25 stack frames</pre></div><a href='#' onClick='toggleBox("stack-trace1016633682", this, "Click to show all stack frames", "Click to hide stack frames")'>Click to show all stack frames</a>
<div class='stack-trace' id='stack-trace1016633682'><pre>java.lang.NullPointerException
	at utilities.GenericMethods.elementDisplayed(GenericMethods.java:156)
	at SignIn.FlockSignIn.googleAuthSkipButton(FlockSignIn.java:244)
	at sun.reflect.NativeMethodAccessorImpl.invoke0(Native Method)
	at sun.reflect.NativeMethodAccessorImpl.invoke(Unknown Source)
	at sun.reflect.DelegatingMethodAccessorImpl.invoke(Unknown Source)
	at java.lang.reflect.Method.invoke(Unknown Source)
	at org.testng.internal.MethodInvocationHelper.invokeMethod(MethodInvocationHelper.java:108)
	at org.testng.internal.Invoker.invokeMethod(Invoker.java:661)
	at org.testng.internal.Invoker.invokeTestMethod(Invoker.java:869)
	at org.testng.internal.Invoker.invokeTestMethods(Invoker.java:1193)
	at org.testng.internal.TestMethodWorker.invokeTestMethods(TestMethodWorker.java:126)
	at org.testng.internal.TestMethodWorker.run(TestMethodWorker.java:109)
	at org.testng.TestRunner.privateRun(TestRunner.java:744)
	at org.testng.TestRunner.run(TestRunner.java:602)
	at org.testng.SuiteRunner.runTest(SuiteRunner.java:380)
	at org.testng.SuiteRunner.runSequentially(SuiteRunner.java:375)
	at org.testng.SuiteRunner.privateRun(SuiteRunner.java:340)
	at org.testng.SuiteRunner.run(SuiteRunner.java:289)
	at org.testng.SuiteRunnerWorker.runSuite(SuiteRunnerWorker.java:52)
	at org.testng.SuiteRunnerWorker.run(SuiteRunnerWorker.java:86)
	at org.testng.TestNG.runSuitesSequentially(TestNG.java:1301)
	at org.testng.TestNG.runSuitesLocally(TestNG.java:1226)
	at org.testng.TestNG.runSuites(TestNG.java:1144)
	at org.testng.TestNG.run(TestNG.java:1115)
	at org.testng.remote.AbstractRemoteTestNG.run(AbstractRemoteTestNG.java:132)
	at org.testng.remote.RemoteTestNG.initAndRun(RemoteTestNG.java:230)
	at org.testng.remote.RemoteTestNG.main(RemoteTestNG.java:76)
</pre></div></td>
<td>0</td>
<td>SignIn.FlockSignIn@61832929</td></tr>
<tr>
<td title='SignIn.FlockSignIn.googleAuthSubHeading()'><b>googleAuthSubHeading</b><br>Test class: SignIn.FlockSignIn<br/>
<a href="#Output-633079302" onClick='toggleBox("Output-633079302", this, "Show output", "Hide output");'>Show output</a>

<a href="#Output-633079302" onClick="toggleAllBoxes();">Show all outputs</a>
<div class='log' id="Output-633079302">
beforeInvocation - About to begin executing following method : FlockSignIn.googleAuthSubHeading<br/>
afterIncovation - Completed executing following method : FlockSignIn.googleAuthSubHeading<br/>
</div>
</td>
<td><div><pre>java.lang.NullPointerException
	at utilities.GenericMethods.elementDisplayed(GenericMethods.java:156)
	at SignIn.FlockSignIn.googleAuthSubHeading(FlockSignIn.java:230)
... Removed 25 stack frames</pre></div><a href='#' onClick='toggleBox("stack-trace633079302", this, "Click to show all stack frames", "Click to hide stack frames")'>Click to show all stack frames</a>
<div class='stack-trace' id='stack-trace633079302'><pre>java.lang.NullPointerException
	at utilities.GenericMethods.elementDisplayed(GenericMethods.java:156)
	at SignIn.FlockSignIn.googleAuthSubHeading(FlockSignIn.java:230)
	at sun.reflect.NativeMethodAccessorImpl.invoke0(Native Method)
	at sun.reflect.NativeMethodAccessorImpl.invoke(Unknown Source)
	at sun.reflect.DelegatingMethodAccessorImpl.invoke(Unknown Source)
	at java.lang.reflect.Method.invoke(Unknown Source)
	at org.testng.internal.MethodInvocationHelper.invokeMethod(MethodInvocationHelper.java:108)
	at org.testng.internal.Invoker.invokeMethod(Invoker.java:661)
	at org.testng.internal.Invoker.invokeTestMethod(Invoker.java:869)
	at org.testng.internal.Invoker.invokeTestMethods(Invoker.java:1193)
	at org.testng.internal.TestMethodWorker.invokeTestMethods(TestMethodWorker.java:126)
	at org.testng.internal.TestMethodWorker.run(TestMethodWorker.java:109)
	at org.testng.TestRunner.privateRun(TestRunner.java:744)
	at org.testng.TestRunner.run(TestRunner.java:602)
	at org.testng.SuiteRunner.runTest(SuiteRunner.java:380)
	at org.testng.SuiteRunner.runSequentially(SuiteRunner.java:375)
	at org.testng.SuiteRunner.privateRun(SuiteRunner.java:340)
	at org.testng.SuiteRunner.run(SuiteRunner.java:289)
	at org.testng.SuiteRunnerWorker.runSuite(SuiteRunnerWorker.java:52)
	at org.testng.SuiteRunnerWorker.run(SuiteRunnerWorker.java:86)
	at org.testng.TestNG.runSuitesSequentially(TestNG.java:1301)
	at org.testng.TestNG.runSuitesLocally(TestNG.java:1226)
	at org.testng.TestNG.runSuites(TestNG.java:1144)
	at org.testng.TestNG.run(TestNG.java:1115)
	at org.testng.remote.AbstractRemoteTestNG.run(AbstractRemoteTestNG.java:132)
	at org.testng.remote.RemoteTestNG.initAndRun(RemoteTestNG.java:230)
	at org.testng.remote.RemoteTestNG.main(RemoteTestNG.java:76)
</pre></div></td>
<td>0</td>
<td>SignIn.FlockSignIn@61832929</td></tr>
<tr>
<td title='SignIn.FlockSignIn.languageSwitcher()'><b>languageSwitcher</b><br>Test class: SignIn.FlockSignIn<br/>
<a href="#Output-1806880779" onClick='toggleBox("Output-1806880779", this, "Show output", "Hide output");'>Show output</a>

<a href="#Output-1806880779" onClick="toggleAllBoxes();">Show all outputs</a>
<div class='log' id="Output-1806880779">
beforeInvocation - About to begin executing following method : FlockSignIn.languageSwitcher<br/>
afterIncovation - Completed executing following method : FlockSignIn.languageSwitcher<br/>
</div>
</td>
<td><div><pre>java.lang.NullPointerException
	at utilities.GenericMethods.implicitWait(GenericMethods.java:213)
	at SignIn.FlockSignIn.languageSwitcher(FlockSignIn.java:47)
... Removed 25 stack frames</pre></div><a href='#' onClick='toggleBox("stack-trace1806880779", this, "Click to show all stack frames", "Click to hide stack frames")'>Click to show all stack frames</a>
<div class='stack-trace' id='stack-trace1806880779'><pre>java.lang.NullPointerException
	at utilities.GenericMethods.implicitWait(GenericMethods.java:213)
	at SignIn.FlockSignIn.languageSwitcher(FlockSignIn.java:47)
	at sun.reflect.NativeMethodAccessorImpl.invoke0(Native Method)
	at sun.reflect.NativeMethodAccessorImpl.invoke(Unknown Source)
	at sun.reflect.DelegatingMethodAccessorImpl.invoke(Unknown Source)
	at java.lang.reflect.Method.invoke(Unknown Source)
	at org.testng.internal.MethodInvocationHelper.invokeMethod(MethodInvocationHelper.java:108)
	at org.testng.internal.Invoker.invokeMethod(Invoker.java:661)
	at org.testng.internal.Invoker.invokeTestMethod(Invoker.java:869)
	at org.testng.internal.Invoker.invokeTestMethods(Invoker.java:1193)
	at org.testng.internal.TestMethodWorker.invokeTestMethods(TestMethodWorker.java:126)
	at org.testng.internal.TestMethodWorker.run(TestMethodWorker.java:109)
	at org.testng.TestRunner.privateRun(TestRunner.java:744)
	at org.testng.TestRunner.run(TestRunner.java:602)
	at org.testng.SuiteRunner.runTest(SuiteRunner.java:380)
	at org.testng.SuiteRunner.runSequentially(SuiteRunner.java:375)
	at org.testng.SuiteRunner.privateRun(SuiteRunner.java:340)
	at org.testng.SuiteRunner.run(SuiteRunner.java:289)
	at org.testng.SuiteRunnerWorker.runSuite(SuiteRunnerWorker.java:52)
	at org.testng.SuiteRunnerWorker.run(SuiteRunnerWorker.java:86)
	at org.testng.TestNG.runSuitesSequentially(TestNG.java:1301)
	at org.testng.TestNG.runSuitesLocally(TestNG.java:1226)
	at org.testng.TestNG.runSuites(TestNG.java:1144)
	at org.testng.TestNG.run(TestNG.java:1115)
	at org.testng.remote.AbstractRemoteTestNG.run(AbstractRemoteTestNG.java:132)
	at org.testng.remote.RemoteTestNG.initAndRun(RemoteTestNG.java:230)
	at org.testng.remote.RemoteTestNG.main(RemoteTestNG.java:76)
</pre></div></td>
<td>0</td>
<td>SignIn.FlockSignIn@61832929</td></tr>
<tr>
<td title='SignIn.FlockSignIn.loginButton()'><b>loginButton</b><br>Test class: SignIn.FlockSignIn<br/>
<a href="#Output-179294202" onClick='toggleBox("Output-179294202", this, "Show output", "Hide output");'>Show output</a>

<a href="#Output-179294202" onClick="toggleAllBoxes();">Show all outputs</a>
<div class='log' id="Output-179294202">
beforeInvocation - About to begin executing following method : FlockSignIn.loginButton<br/>
afterIncovation - Completed executing following method : FlockSignIn.loginButton<br/>
</div>
</td>
<td><div><pre>java.lang.NullPointerException
	at utilities.GenericMethods.elementDisplayed(GenericMethods.java:156)
	at SignIn.FlockSignIn.loginButton(FlockSignIn.java:193)
... Removed 25 stack frames</pre></div><a href='#' onClick='toggleBox("stack-trace179294202", this, "Click to show all stack frames", "Click to hide stack frames")'>Click to show all stack frames</a>
<div class='stack-trace' id='stack-trace179294202'><pre>java.lang.NullPointerException
	at utilities.GenericMethods.elementDisplayed(GenericMethods.java:156)
	at SignIn.FlockSignIn.loginButton(FlockSignIn.java:193)
	at sun.reflect.NativeMethodAccessorImpl.invoke0(Native Method)
	at sun.reflect.NativeMethodAccessorImpl.invoke(Unknown Source)
	at sun.reflect.DelegatingMethodAccessorImpl.invoke(Unknown Source)
	at java.lang.reflect.Method.invoke(Unknown Source)
	at org.testng.internal.MethodInvocationHelper.invokeMethod(MethodInvocationHelper.java:108)
	at org.testng.internal.Invoker.invokeMethod(Invoker.java:661)
	at org.testng.internal.Invoker.invokeTestMethod(Invoker.java:869)
	at org.testng.internal.Invoker.invokeTestMethods(Invoker.java:1193)
	at org.testng.internal.TestMethodWorker.invokeTestMethods(TestMethodWorker.java:126)
	at org.testng.internal.TestMethodWorker.run(TestMethodWorker.java:109)
	at org.testng.TestRunner.privateRun(TestRunner.java:744)
	at org.testng.TestRunner.run(TestRunner.java:602)
	at org.testng.SuiteRunner.runTest(SuiteRunner.java:380)
	at org.testng.SuiteRunner.runSequentially(SuiteRunner.java:375)
	at org.testng.SuiteRunner.privateRun(SuiteRunner.java:340)
	at org.testng.SuiteRunner.run(SuiteRunner.java:289)
	at org.testng.SuiteRunnerWorker.runSuite(SuiteRunnerWorker.java:52)
	at org.testng.SuiteRunnerWorker.run(SuiteRunnerWorker.java:86)
	at org.testng.TestNG.runSuitesSequentially(TestNG.java:1301)
	at org.testng.TestNG.runSuitesLocally(TestNG.java:1226)
	at org.testng.TestNG.runSuites(TestNG.java:1144)
	at org.testng.TestNG.run(TestNG.java:1115)
	at org.testng.remote.AbstractRemoteTestNG.run(AbstractRemoteTestNG.java:132)
	at org.testng.remote.RemoteTestNG.initAndRun(RemoteTestNG.java:230)
	at org.testng.remote.RemoteTestNG.main(RemoteTestNG.java:76)
</pre></div></td>
<td>0</td>
<td>SignIn.FlockSignIn@61832929</td></tr>
<tr>
<td title='SignIn.FlockSignIn.onbaordingSideBar()'><b>onbaordingSideBar</b><br>Test class: SignIn.FlockSignIn<br/>
<a href="#Output-727666004" onClick='toggleBox("Output-727666004", this, "Show output", "Hide output");'>Show output</a>

<a href="#Output-727666004" onClick="toggleAllBoxes();">Show all outputs</a>
<div class='log' id="Output-727666004">
beforeInvocation - About to begin executing following method : FlockSignIn.onbaordingSideBar<br/>
afterIncovation - Completed executing following method : FlockSignIn.onbaordingSideBar<br/>
</div>
</td>
<td><div><pre>java.lang.NullPointerException
	at utilities.GenericMethods.elementDisplayed(GenericMethods.java:156)
	at SignIn.FlockSignIn.onbaordingSideBar(FlockSignIn.java:200)
... Removed 25 stack frames</pre></div><a href='#' onClick='toggleBox("stack-trace727666004", this, "Click to show all stack frames", "Click to hide stack frames")'>Click to show all stack frames</a>
<div class='stack-trace' id='stack-trace727666004'><pre>java.lang.NullPointerException
	at utilities.GenericMethods.elementDisplayed(GenericMethods.java:156)
	at SignIn.FlockSignIn.onbaordingSideBar(FlockSignIn.java:200)
	at sun.reflect.NativeMethodAccessorImpl.invoke0(Native Method)
	at sun.reflect.NativeMethodAccessorImpl.invoke(Unknown Source)
	at sun.reflect.DelegatingMethodAccessorImpl.invoke(Unknown Source)
	at java.lang.reflect.Method.invoke(Unknown Source)
	at org.testng.internal.MethodInvocationHelper.invokeMethod(MethodInvocationHelper.java:108)
	at org.testng.internal.Invoker.invokeMethod(Invoker.java:661)
	at org.testng.internal.Invoker.invokeTestMethod(Invoker.java:869)
	at org.testng.internal.Invoker.invokeTestMethods(Invoker.java:1193)
	at org.testng.internal.TestMethodWorker.invokeTestMethods(TestMethodWorker.java:126)
	at org.testng.internal.TestMethodWorker.run(TestMethodWorker.java:109)
	at org.testng.TestRunner.privateRun(TestRunner.java:744)
	at org.testng.TestRunner.run(TestRunner.java:602)
	at org.testng.SuiteRunner.runTest(SuiteRunner.java:380)
	at org.testng.SuiteRunner.runSequentially(SuiteRunner.java:375)
	at org.testng.SuiteRunner.privateRun(SuiteRunner.java:340)
	at org.testng.SuiteRunner.run(SuiteRunner.java:289)
	at org.testng.SuiteRunnerWorker.runSuite(SuiteRunnerWorker.java:52)
	at org.testng.SuiteRunnerWorker.run(SuiteRunnerWorker.java:86)
	at org.testng.TestNG.runSuitesSequentially(TestNG.java:1301)
	at org.testng.TestNG.runSuitesLocally(TestNG.java:1226)
	at org.testng.TestNG.runSuites(TestNG.java:1144)
	at org.testng.TestNG.run(TestNG.java:1115)
	at org.testng.remote.AbstractRemoteTestNG.run(AbstractRemoteTestNG.java:132)
	at org.testng.remote.RemoteTestNG.initAndRun(RemoteTestNG.java:230)
	at org.testng.remote.RemoteTestNG.main(RemoteTestNG.java:76)
</pre></div></td>
<td>0</td>
<td>SignIn.FlockSignIn@61832929</td></tr>
<tr>
<td title='SignIn.FlockSignIn.otpErrorMessage()'><b>otpErrorMessage</b><br>Test class: SignIn.FlockSignIn<br>Parameters: <br/>
<a href="#Output-663466110" onClick='toggleBox("Output-663466110", this, "Show output", "Hide output");'>Show output</a>

<a href="#Output-663466110" onClick="toggleAllBoxes();">Show all outputs</a>
<div class='log' id="Output-663466110">
beforeInvocation - About to begin executing following method : FlockSignIn.otpErrorMessage<br/>
afterIncovation - Completed executing following method : FlockSignIn.otpErrorMessage<br/>
</div>
</td>
<td><div><pre>java.lang.NullPointerException
	at utilities.GenericMethods.elementIsDisplayed(GenericMethods.java:167)
	at SignIn.FlockSignIn.otpErrorMessage(FlockSignIn.java:331)
... Removed 25 stack frames</pre></div><a href='#' onClick='toggleBox("stack-trace663466110", this, "Click to show all stack frames", "Click to hide stack frames")'>Click to show all stack frames</a>
<div class='stack-trace' id='stack-trace663466110'><pre>java.lang.NullPointerException
	at utilities.GenericMethods.elementIsDisplayed(GenericMethods.java:167)
	at SignIn.FlockSignIn.otpErrorMessage(FlockSignIn.java:331)
	at sun.reflect.NativeMethodAccessorImpl.invoke0(Native Method)
	at sun.reflect.NativeMethodAccessorImpl.invoke(Unknown Source)
	at sun.reflect.DelegatingMethodAccessorImpl.invoke(Unknown Source)
	at java.lang.reflect.Method.invoke(Unknown Source)
	at org.testng.internal.MethodInvocationHelper.invokeMethod(MethodInvocationHelper.java:108)
	at org.testng.internal.Invoker.invokeMethod(Invoker.java:661)
	at org.testng.internal.Invoker.invokeTestMethod(Invoker.java:869)
	at org.testng.internal.Invoker.invokeTestMethods(Invoker.java:1193)
	at org.testng.internal.TestMethodWorker.invokeTestMethods(TestMethodWorker.java:126)
	at org.testng.internal.TestMethodWorker.run(TestMethodWorker.java:109)
	at org.testng.TestRunner.privateRun(TestRunner.java:744)
	at org.testng.TestRunner.run(TestRunner.java:602)
	at org.testng.SuiteRunner.runTest(SuiteRunner.java:380)
	at org.testng.SuiteRunner.runSequentially(SuiteRunner.java:375)
	at org.testng.SuiteRunner.privateRun(SuiteRunner.java:340)
	at org.testng.SuiteRunner.run(SuiteRunner.java:289)
	at org.testng.SuiteRunnerWorker.runSuite(SuiteRunnerWorker.java:52)
	at org.testng.SuiteRunnerWorker.run(SuiteRunnerWorker.java:86)
	at org.testng.TestNG.runSuitesSequentially(TestNG.java:1301)
	at org.testng.TestNG.runSuitesLocally(TestNG.java:1226)
	at org.testng.TestNG.runSuites(TestNG.java:1144)
	at org.testng.TestNG.run(TestNG.java:1115)
	at org.testng.remote.AbstractRemoteTestNG.run(AbstractRemoteTestNG.java:132)
	at org.testng.remote.RemoteTestNG.initAndRun(RemoteTestNG.java:230)
	at org.testng.remote.RemoteTestNG.main(RemoteTestNG.java:76)
</pre></div></td>
<td>2</td>
<td>SignIn.FlockSignIn@61832929</td></tr>
<tr>
<td title='SignIn.FlockSignIn.otpErrorMessage()'><b>otpErrorMessage</b><br>Test class: SignIn.FlockSignIn<br>Parameters: jffhfh<br/>
<a href="#Output-1810518740" onClick='toggleBox("Output-1810518740", this, "Show output", "Hide output");'>Show output</a>

<a href="#Output-1810518740" onClick="toggleAllBoxes();">Show all outputs</a>
<div class='log' id="Output-1810518740">
beforeInvocation - About to begin executing following method : FlockSignIn.otpErrorMessage<br/>
afterIncovation - Completed executing following method : FlockSignIn.otpErrorMessage<br/>
</div>
</td>
<td><div><pre>java.lang.NullPointerException
	at utilities.GenericMethods.elementIsDisplayed(GenericMethods.java:167)
	at SignIn.FlockSignIn.otpErrorMessage(FlockSignIn.java:331)
... Removed 25 stack frames</pre></div><a href='#' onClick='toggleBox("stack-trace1810518740", this, "Click to show all stack frames", "Click to hide stack frames")'>Click to show all stack frames</a>
<div class='stack-trace' id='stack-trace1810518740'><pre>java.lang.NullPointerException
	at utilities.GenericMethods.elementIsDisplayed(GenericMethods.java:167)
	at SignIn.FlockSignIn.otpErrorMessage(FlockSignIn.java:331)
	at sun.reflect.NativeMethodAccessorImpl.invoke0(Native Method)
	at sun.reflect.NativeMethodAccessorImpl.invoke(Unknown Source)
	at sun.reflect.DelegatingMethodAccessorImpl.invoke(Unknown Source)
	at java.lang.reflect.Method.invoke(Unknown Source)
	at org.testng.internal.MethodInvocationHelper.invokeMethod(MethodInvocationHelper.java:108)
	at org.testng.internal.Invoker.invokeMethod(Invoker.java:661)
	at org.testng.internal.Invoker.invokeTestMethod(Invoker.java:869)
	at org.testng.internal.Invoker.invokeTestMethods(Invoker.java:1193)
	at org.testng.internal.TestMethodWorker.invokeTestMethods(TestMethodWorker.java:126)
	at org.testng.internal.TestMethodWorker.run(TestMethodWorker.java:109)
	at org.testng.TestRunner.privateRun(TestRunner.java:744)
	at org.testng.TestRunner.run(TestRunner.java:602)
	at org.testng.SuiteRunner.runTest(SuiteRunner.java:380)
	at org.testng.SuiteRunner.runSequentially(SuiteRunner.java:375)
	at org.testng.SuiteRunner.privateRun(SuiteRunner.java:340)
	at org.testng.SuiteRunner.run(SuiteRunner.java:289)
	at org.testng.SuiteRunnerWorker.runSuite(SuiteRunnerWorker.java:52)
	at org.testng.SuiteRunnerWorker.run(SuiteRunnerWorker.java:86)
	at org.testng.TestNG.runSuitesSequentially(TestNG.java:1301)
	at org.testng.TestNG.runSuitesLocally(TestNG.java:1226)
	at org.testng.TestNG.runSuites(TestNG.java:1144)
	at org.testng.TestNG.run(TestNG.java:1115)
	at org.testng.remote.AbstractRemoteTestNG.run(AbstractRemoteTestNG.java:132)
	at org.testng.remote.RemoteTestNG.initAndRun(RemoteTestNG.java:230)
	at org.testng.remote.RemoteTestNG.main(RemoteTestNG.java:76)
</pre></div></td>
<td>2</td>
<td>SignIn.FlockSignIn@61832929</td></tr>
<tr>
<td title='SignIn.FlockSignIn.otpErrorMessage()'><b>otpErrorMessage</b><br>Test class: SignIn.FlockSignIn<br>Parameters: 1q2q3q<br/>
<a href="#Output-1650113431" onClick='toggleBox("Output-1650113431", this, "Show output", "Hide output");'>Show output</a>

<a href="#Output-1650113431" onClick="toggleAllBoxes();">Show all outputs</a>
<div class='log' id="Output-1650113431">
beforeInvocation - About to begin executing following method : FlockSignIn.otpErrorMessage<br/>
afterIncovation - Completed executing following method : FlockSignIn.otpErrorMessage<br/>
</div>
</td>
<td><div><pre>java.lang.NullPointerException
	at utilities.GenericMethods.elementIsDisplayed(GenericMethods.java:167)
	at SignIn.FlockSignIn.otpErrorMessage(FlockSignIn.java:331)
... Removed 25 stack frames</pre></div><a href='#' onClick='toggleBox("stack-trace1650113431", this, "Click to show all stack frames", "Click to hide stack frames")'>Click to show all stack frames</a>
<div class='stack-trace' id='stack-trace1650113431'><pre>java.lang.NullPointerException
	at utilities.GenericMethods.elementIsDisplayed(GenericMethods.java:167)
	at SignIn.FlockSignIn.otpErrorMessage(FlockSignIn.java:331)
	at sun.reflect.NativeMethodAccessorImpl.invoke0(Native Method)
	at sun.reflect.NativeMethodAccessorImpl.invoke(Unknown Source)
	at sun.reflect.DelegatingMethodAccessorImpl.invoke(Unknown Source)
	at java.lang.reflect.Method.invoke(Unknown Source)
	at org.testng.internal.MethodInvocationHelper.invokeMethod(MethodInvocationHelper.java:108)
	at org.testng.internal.Invoker.invokeMethod(Invoker.java:661)
	at org.testng.internal.Invoker.invokeTestMethod(Invoker.java:869)
	at org.testng.internal.Invoker.invokeTestMethods(Invoker.java:1193)
	at org.testng.internal.TestMethodWorker.invokeTestMethods(TestMethodWorker.java:126)
	at org.testng.internal.TestMethodWorker.run(TestMethodWorker.java:109)
	at org.testng.TestRunner.privateRun(TestRunner.java:744)
	at org.testng.TestRunner.run(TestRunner.java:602)
	at org.testng.SuiteRunner.runTest(SuiteRunner.java:380)
	at org.testng.SuiteRunner.runSequentially(SuiteRunner.java:375)
	at org.testng.SuiteRunner.privateRun(SuiteRunner.java:340)
	at org.testng.SuiteRunner.run(SuiteRunner.java:289)
	at org.testng.SuiteRunnerWorker.runSuite(SuiteRunnerWorker.java:52)
	at org.testng.SuiteRunnerWorker.run(SuiteRunnerWorker.java:86)
	at org.testng.TestNG.runSuitesSequentially(TestNG.java:1301)
	at org.testng.TestNG.runSuitesLocally(TestNG.java:1226)
	at org.testng.TestNG.runSuites(TestNG.java:1144)
	at org.testng.TestNG.run(TestNG.java:1115)
	at org.testng.remote.AbstractRemoteTestNG.run(AbstractRemoteTestNG.java:132)
	at org.testng.remote.RemoteTestNG.initAndRun(RemoteTestNG.java:230)
	at org.testng.remote.RemoteTestNG.main(RemoteTestNG.java:76)
</pre></div></td>
<td>2</td>
<td>SignIn.FlockSignIn@61832929</td></tr>
<tr>
<td title='SignIn.FlockSignIn.otpErrorMessage1()'><b>otpErrorMessage1</b><br>Test class: SignIn.FlockSignIn<br/>
<a href="#Output-1089930529" onClick='toggleBox("Output-1089930529", this, "Show output", "Hide output");'>Show output</a>

<a href="#Output-1089930529" onClick="toggleAllBoxes();">Show all outputs</a>
<div class='log' id="Output-1089930529">
beforeInvocation - About to begin executing following method : FlockSignIn.otpErrorMessage1<br/>
afterIncovation - Completed executing following method : FlockSignIn.otpErrorMessage1<br/>
</div>
</td>
<td><div><pre>java.lang.NullPointerException
	at utilities.GenericMethods.elementIsDisplayed(GenericMethods.java:167)
	at SignIn.FlockSignIn.otpErrorMessage1(FlockSignIn.java:342)
... Removed 25 stack frames</pre></div><a href='#' onClick='toggleBox("stack-trace1089930529", this, "Click to show all stack frames", "Click to hide stack frames")'>Click to show all stack frames</a>
<div class='stack-trace' id='stack-trace1089930529'><pre>java.lang.NullPointerException
	at utilities.GenericMethods.elementIsDisplayed(GenericMethods.java:167)
	at SignIn.FlockSignIn.otpErrorMessage1(FlockSignIn.java:342)
	at sun.reflect.NativeMethodAccessorImpl.invoke0(Native Method)
	at sun.reflect.NativeMethodAccessorImpl.invoke(Unknown Source)
	at sun.reflect.DelegatingMethodAccessorImpl.invoke(Unknown Source)
	at java.lang.reflect.Method.invoke(Unknown Source)
	at org.testng.internal.MethodInvocationHelper.invokeMethod(MethodInvocationHelper.java:108)
	at org.testng.internal.Invoker.invokeMethod(Invoker.java:661)
	at org.testng.internal.Invoker.invokeTestMethod(Invoker.java:869)
	at org.testng.internal.Invoker.invokeTestMethods(Invoker.java:1193)
	at org.testng.internal.TestMethodWorker.invokeTestMethods(TestMethodWorker.java:126)
	at org.testng.internal.TestMethodWorker.run(TestMethodWorker.java:109)
	at org.testng.TestRunner.privateRun(TestRunner.java:744)
	at org.testng.TestRunner.run(TestRunner.java:602)
	at org.testng.SuiteRunner.runTest(SuiteRunner.java:380)
	at org.testng.SuiteRunner.runSequentially(SuiteRunner.java:375)
	at org.testng.SuiteRunner.privateRun(SuiteRunner.java:340)
	at org.testng.SuiteRunner.run(SuiteRunner.java:289)
	at org.testng.SuiteRunnerWorker.runSuite(SuiteRunnerWorker.java:52)
	at org.testng.SuiteRunnerWorker.run(SuiteRunnerWorker.java:86)
	at org.testng.TestNG.runSuitesSequentially(TestNG.java:1301)
	at org.testng.TestNG.runSuitesLocally(TestNG.java:1226)
	at org.testng.TestNG.runSuites(TestNG.java:1144)
	at org.testng.TestNG.run(TestNG.java:1115)
	at org.testng.remote.AbstractRemoteTestNG.run(AbstractRemoteTestNG.java:132)
	at org.testng.remote.RemoteTestNG.initAndRun(RemoteTestNG.java:230)
	at org.testng.remote.RemoteTestNG.main(RemoteTestNG.java:76)
</pre></div></td>
<td>2</td>
<td>SignIn.FlockSignIn@61832929</td></tr>
<tr>
<td title='SignIn.FlockSignIn.otpHeading()'><b>otpHeading</b><br>Test class: SignIn.FlockSignIn<br/>
<a href="#Output-1268974304" onClick='toggleBox("Output-1268974304", this, "Show output", "Hide output");'>Show output</a>

<a href="#Output-1268974304" onClick="toggleAllBoxes();">Show all outputs</a>
<div class='log' id="Output-1268974304">
beforeInvocation - About to begin executing following method : FlockSignIn.otpHeading<br/>
afterIncovation - Completed executing following method : FlockSignIn.otpHeading<br/>
</div>
</td>
<td><div><pre>java.lang.NullPointerException
	at utilities.GenericMethods.implicitWait(GenericMethods.java:213)
	at SignIn.FlockSignIn.otpHeading(FlockSignIn.java:263)
... Removed 25 stack frames</pre></div><a href='#' onClick='toggleBox("stack-trace1268974304", this, "Click to show all stack frames", "Click to hide stack frames")'>Click to show all stack frames</a>
<div class='stack-trace' id='stack-trace1268974304'><pre>java.lang.NullPointerException
	at utilities.GenericMethods.implicitWait(GenericMethods.java:213)
	at SignIn.FlockSignIn.otpHeading(FlockSignIn.java:263)
	at sun.reflect.NativeMethodAccessorImpl.invoke0(Native Method)
	at sun.reflect.NativeMethodAccessorImpl.invoke(Unknown Source)
	at sun.reflect.DelegatingMethodAccessorImpl.invoke(Unknown Source)
	at java.lang.reflect.Method.invoke(Unknown Source)
	at org.testng.internal.MethodInvocationHelper.invokeMethod(MethodInvocationHelper.java:108)
	at org.testng.internal.Invoker.invokeMethod(Invoker.java:661)
	at org.testng.internal.Invoker.invokeTestMethod(Invoker.java:869)
	at org.testng.internal.Invoker.invokeTestMethods(Invoker.java:1193)
	at org.testng.internal.TestMethodWorker.invokeTestMethods(TestMethodWorker.java:126)
	at org.testng.internal.TestMethodWorker.run(TestMethodWorker.java:109)
	at org.testng.TestRunner.privateRun(TestRunner.java:744)
	at org.testng.TestRunner.run(TestRunner.java:602)
	at org.testng.SuiteRunner.runTest(SuiteRunner.java:380)
	at org.testng.SuiteRunner.runSequentially(SuiteRunner.java:375)
	at org.testng.SuiteRunner.privateRun(SuiteRunner.java:340)
	at org.testng.SuiteRunner.run(SuiteRunner.java:289)
	at org.testng.SuiteRunnerWorker.runSuite(SuiteRunnerWorker.java:52)
	at org.testng.SuiteRunnerWorker.run(SuiteRunnerWorker.java:86)
	at org.testng.TestNG.runSuitesSequentially(TestNG.java:1301)
	at org.testng.TestNG.runSuitesLocally(TestNG.java:1226)
	at org.testng.TestNG.runSuites(TestNG.java:1144)
	at org.testng.TestNG.run(TestNG.java:1115)
	at org.testng.remote.AbstractRemoteTestNG.run(AbstractRemoteTestNG.java:132)
	at org.testng.remote.RemoteTestNG.initAndRun(RemoteTestNG.java:230)
	at org.testng.remote.RemoteTestNG.main(RemoteTestNG.java:76)
</pre></div></td>
<td>0</td>
<td>SignIn.FlockSignIn@61832929</td></tr>
<tr>
<td title='SignIn.FlockSignIn.otpPlaceHolder()'><b>otpPlaceHolder</b><br>Test class: SignIn.FlockSignIn<br/>
<a href="#Output-416201381" onClick='toggleBox("Output-416201381", this, "Show output", "Hide output");'>Show output</a>

<a href="#Output-416201381" onClick="toggleAllBoxes();">Show all outputs</a>
<div class='log' id="Output-416201381">
beforeInvocation - About to begin executing following method : FlockSignIn.otpPlaceHolder<br/>
afterIncovation - Completed executing following method : FlockSignIn.otpPlaceHolder<br/>
</div>
</td>
<td><div><pre>java.lang.NullPointerException
	at utilities.GenericMethods.elementDisplayed(GenericMethods.java:156)
	at SignIn.FlockSignIn.otpPlaceHolder(FlockSignIn.java:279)
... Removed 25 stack frames</pre></div><a href='#' onClick='toggleBox("stack-trace416201381", this, "Click to show all stack frames", "Click to hide stack frames")'>Click to show all stack frames</a>
<div class='stack-trace' id='stack-trace416201381'><pre>java.lang.NullPointerException
	at utilities.GenericMethods.elementDisplayed(GenericMethods.java:156)
	at SignIn.FlockSignIn.otpPlaceHolder(FlockSignIn.java:279)
	at sun.reflect.NativeMethodAccessorImpl.invoke0(Native Method)
	at sun.reflect.NativeMethodAccessorImpl.invoke(Unknown Source)
	at sun.reflect.DelegatingMethodAccessorImpl.invoke(Unknown Source)
	at java.lang.reflect.Method.invoke(Unknown Source)
	at org.testng.internal.MethodInvocationHelper.invokeMethod(MethodInvocationHelper.java:108)
	at org.testng.internal.Invoker.invokeMethod(Invoker.java:661)
	at org.testng.internal.Invoker.invokeTestMethod(Invoker.java:869)
	at org.testng.internal.Invoker.invokeTestMethods(Invoker.java:1193)
	at org.testng.internal.TestMethodWorker.invokeTestMethods(TestMethodWorker.java:126)
	at org.testng.internal.TestMethodWorker.run(TestMethodWorker.java:109)
	at org.testng.TestRunner.privateRun(TestRunner.java:744)
	at org.testng.TestRunner.run(TestRunner.java:602)
	at org.testng.SuiteRunner.runTest(SuiteRunner.java:380)
	at org.testng.SuiteRunner.runSequentially(SuiteRunner.java:375)
	at org.testng.SuiteRunner.privateRun(SuiteRunner.java:340)
	at org.testng.SuiteRunner.run(SuiteRunner.java:289)
	at org.testng.SuiteRunnerWorker.runSuite(SuiteRunnerWorker.java:52)
	at org.testng.SuiteRunnerWorker.run(SuiteRunnerWorker.java:86)
	at org.testng.TestNG.runSuitesSequentially(TestNG.java:1301)
	at org.testng.TestNG.runSuitesLocally(TestNG.java:1226)
	at org.testng.TestNG.runSuites(TestNG.java:1144)
	at org.testng.TestNG.run(TestNG.java:1115)
	at org.testng.remote.AbstractRemoteTestNG.run(AbstractRemoteTestNG.java:132)
	at org.testng.remote.RemoteTestNG.initAndRun(RemoteTestNG.java:230)
	at org.testng.remote.RemoteTestNG.main(RemoteTestNG.java:76)
</pre></div></td>
<td>0</td>
<td>SignIn.FlockSignIn@61832929</td></tr>
<tr>
<td title='SignIn.FlockSignIn.otpSubHeading()'><b>otpSubHeading</b><br>Test class: SignIn.FlockSignIn<br/>
<a href="#Output-795748540" onClick='toggleBox("Output-795748540", this, "Show output", "Hide output");'>Show output</a>

<a href="#Output-795748540" onClick="toggleAllBoxes();">Show all outputs</a>
<div class='log' id="Output-795748540">
beforeInvocation - About to begin executing following method : FlockSignIn.otpSubHeading<br/>
afterIncovation - Completed executing following method : FlockSignIn.otpSubHeading<br/>
</div>
</td>
<td><div><pre>java.lang.NullPointerException
	at utilities.GenericMethods.elementDisplayed(GenericMethods.java:156)
	at SignIn.FlockSignIn.otpSubHeading(FlockSignIn.java:272)
... Removed 25 stack frames</pre></div><a href='#' onClick='toggleBox("stack-trace795748540", this, "Click to show all stack frames", "Click to hide stack frames")'>Click to show all stack frames</a>
<div class='stack-trace' id='stack-trace795748540'><pre>java.lang.NullPointerException
	at utilities.GenericMethods.elementDisplayed(GenericMethods.java:156)
	at SignIn.FlockSignIn.otpSubHeading(FlockSignIn.java:272)
	at sun.reflect.NativeMethodAccessorImpl.invoke0(Native Method)
	at sun.reflect.NativeMethodAccessorImpl.invoke(Unknown Source)
	at sun.reflect.DelegatingMethodAccessorImpl.invoke(Unknown Source)
	at java.lang.reflect.Method.invoke(Unknown Source)
	at org.testng.internal.MethodInvocationHelper.invokeMethod(MethodInvocationHelper.java:108)
	at org.testng.internal.Invoker.invokeMethod(Invoker.java:661)
	at org.testng.internal.Invoker.invokeTestMethod(Invoker.java:869)
	at org.testng.internal.Invoker.invokeTestMethods(Invoker.java:1193)
	at org.testng.internal.TestMethodWorker.invokeTestMethods(TestMethodWorker.java:126)
	at org.testng.internal.TestMethodWorker.run(TestMethodWorker.java:109)
	at org.testng.TestRunner.privateRun(TestRunner.java:744)
	at org.testng.TestRunner.run(TestRunner.java:602)
	at org.testng.SuiteRunner.runTest(SuiteRunner.java:380)
	at org.testng.SuiteRunner.runSequentially(SuiteRunner.java:375)
	at org.testng.SuiteRunner.privateRun(SuiteRunner.java:340)
	at org.testng.SuiteRunner.run(SuiteRunner.java:289)
	at org.testng.SuiteRunnerWorker.runSuite(SuiteRunnerWorker.java:52)
	at org.testng.SuiteRunnerWorker.run(SuiteRunnerWorker.java:86)
	at org.testng.TestNG.runSuitesSequentially(TestNG.java:1301)
	at org.testng.TestNG.runSuitesLocally(TestNG.java:1226)
	at org.testng.TestNG.runSuites(TestNG.java:1144)
	at org.testng.TestNG.run(TestNG.java:1115)
	at org.testng.remote.AbstractRemoteTestNG.run(AbstractRemoteTestNG.java:132)
	at org.testng.remote.RemoteTestNG.initAndRun(RemoteTestNG.java:230)
	at org.testng.remote.RemoteTestNG.main(RemoteTestNG.java:76)
</pre></div></td>
<td>0</td>
<td>SignIn.FlockSignIn@61832929</td></tr>
<tr>
<td title='SignIn.FlockSignIn.resendOtpHook()'><b>resendOtpHook</b><br>Test class: SignIn.FlockSignIn<br/>
<a href="#Output-487416600" onClick='toggleBox("Output-487416600", this, "Show output", "Hide output");'>Show output</a>

<a href="#Output-487416600" onClick="toggleAllBoxes();">Show all outputs</a>
<div class='log' id="Output-487416600">
beforeInvocation - About to begin executing following method : FlockSignIn.resendOtpHook<br/>
afterIncovation - Completed executing following method : FlockSignIn.resendOtpHook<br/>
</div>
</td>
<td><div><pre>java.lang.NullPointerException
	at utilities.GenericMethods.elementDisplayed(GenericMethods.java:156)
	at SignIn.FlockSignIn.resendOtpHook(FlockSignIn.java:293)
... Removed 25 stack frames</pre></div><a href='#' onClick='toggleBox("stack-trace487416600", this, "Click to show all stack frames", "Click to hide stack frames")'>Click to show all stack frames</a>
<div class='stack-trace' id='stack-trace487416600'><pre>java.lang.NullPointerException
	at utilities.GenericMethods.elementDisplayed(GenericMethods.java:156)
	at SignIn.FlockSignIn.resendOtpHook(FlockSignIn.java:293)
	at sun.reflect.NativeMethodAccessorImpl.invoke0(Native Method)
	at sun.reflect.NativeMethodAccessorImpl.invoke(Unknown Source)
	at sun.reflect.DelegatingMethodAccessorImpl.invoke(Unknown Source)
	at java.lang.reflect.Method.invoke(Unknown Source)
	at org.testng.internal.MethodInvocationHelper.invokeMethod(MethodInvocationHelper.java:108)
	at org.testng.internal.Invoker.invokeMethod(Invoker.java:661)
	at org.testng.internal.Invoker.invokeTestMethod(Invoker.java:869)
	at org.testng.internal.Invoker.invokeTestMethods(Invoker.java:1193)
	at org.testng.internal.TestMethodWorker.invokeTestMethods(TestMethodWorker.java:126)
	at org.testng.internal.TestMethodWorker.run(TestMethodWorker.java:109)
	at org.testng.TestRunner.privateRun(TestRunner.java:744)
	at org.testng.TestRunner.run(TestRunner.java:602)
	at org.testng.SuiteRunner.runTest(SuiteRunner.java:380)
	at org.testng.SuiteRunner.runSequentially(SuiteRunner.java:375)
	at org.testng.SuiteRunner.privateRun(SuiteRunner.java:340)
	at org.testng.SuiteRunner.run(SuiteRunner.java:289)
	at org.testng.SuiteRunnerWorker.runSuite(SuiteRunnerWorker.java:52)
	at org.testng.SuiteRunnerWorker.run(SuiteRunnerWorker.java:86)
	at org.testng.TestNG.runSuitesSequentially(TestNG.java:1301)
	at org.testng.TestNG.runSuitesLocally(TestNG.java:1226)
	at org.testng.TestNG.runSuites(TestNG.java:1144)
	at org.testng.TestNG.run(TestNG.java:1115)
	at org.testng.remote.AbstractRemoteTestNG.run(AbstractRemoteTestNG.java:132)
	at org.testng.remote.RemoteTestNG.initAndRun(RemoteTestNG.java:230)
	at org.testng.remote.RemoteTestNG.main(RemoteTestNG.java:76)
</pre></div></td>
<td>0</td>
<td>SignIn.FlockSignIn@61832929</td></tr>
<tr>
<td title='SignIn.FlockSignIn.resendOtpHookClicked()'><b>resendOtpHookClicked</b><br>Test class: SignIn.FlockSignIn<br/>
<a href="#Output-1544895390" onClick='toggleBox("Output-1544895390", this, "Show output", "Hide output");'>Show output</a>

<a href="#Output-1544895390" onClick="toggleAllBoxes();">Show all outputs</a>
<div class='log' id="Output-1544895390">
beforeInvocation - About to begin executing following method : FlockSignIn.resendOtpHookClicked<br/>
afterIncovation - Completed executing following method : FlockSignIn.resendOtpHookClicked<br/>
</div>
</td>
<td><div><pre>java.lang.NullPointerException
	at utilities.GenericMethods.elementDisplayed(GenericMethods.java:156)
	at SignIn.FlockSignIn.resendOtpHookClicked(FlockSignIn.java:301)
... Removed 25 stack frames</pre></div><a href='#' onClick='toggleBox("stack-trace1544895390", this, "Click to show all stack frames", "Click to hide stack frames")'>Click to show all stack frames</a>
<div class='stack-trace' id='stack-trace1544895390'><pre>java.lang.NullPointerException
	at utilities.GenericMethods.elementDisplayed(GenericMethods.java:156)
	at SignIn.FlockSignIn.resendOtpHookClicked(FlockSignIn.java:301)
	at sun.reflect.NativeMethodAccessorImpl.invoke0(Native Method)
	at sun.reflect.NativeMethodAccessorImpl.invoke(Unknown Source)
	at sun.reflect.DelegatingMethodAccessorImpl.invoke(Unknown Source)
	at java.lang.reflect.Method.invoke(Unknown Source)
	at org.testng.internal.MethodInvocationHelper.invokeMethod(MethodInvocationHelper.java:108)
	at org.testng.internal.Invoker.invokeMethod(Invoker.java:661)
	at org.testng.internal.Invoker.invokeTestMethod(Invoker.java:869)
	at org.testng.internal.Invoker.invokeTestMethods(Invoker.java:1193)
	at org.testng.internal.TestMethodWorker.invokeTestMethods(TestMethodWorker.java:126)
	at org.testng.internal.TestMethodWorker.run(TestMethodWorker.java:109)
	at org.testng.TestRunner.privateRun(TestRunner.java:744)
	at org.testng.TestRunner.run(TestRunner.java:602)
	at org.testng.SuiteRunner.runTest(SuiteRunner.java:380)
	at org.testng.SuiteRunner.runSequentially(SuiteRunner.java:375)
	at org.testng.SuiteRunner.privateRun(SuiteRunner.java:340)
	at org.testng.SuiteRunner.run(SuiteRunner.java:289)
	at org.testng.SuiteRunnerWorker.runSuite(SuiteRunnerWorker.java:52)
	at org.testng.SuiteRunnerWorker.run(SuiteRunnerWorker.java:86)
	at org.testng.TestNG.runSuitesSequentially(TestNG.java:1301)
	at org.testng.TestNG.runSuitesLocally(TestNG.java:1226)
	at org.testng.TestNG.runSuites(TestNG.java:1144)
	at org.testng.TestNG.run(TestNG.java:1115)
	at org.testng.remote.AbstractRemoteTestNG.run(AbstractRemoteTestNG.java:132)
	at org.testng.remote.RemoteTestNG.initAndRun(RemoteTestNG.java:230)
	at org.testng.remote.RemoteTestNG.main(RemoteTestNG.java:76)
</pre></div></td>
<td>0</td>
<td>SignIn.FlockSignIn@61832929</td></tr>
<tr>
<td title='SignIn.FlockSignIn.resendOtpText()'><b>resendOtpText</b><br>Test class: SignIn.FlockSignIn<br/>
<a href="#Output-1660325375" onClick='toggleBox("Output-1660325375", this, "Show output", "Hide output");'>Show output</a>

<a href="#Output-1660325375" onClick="toggleAllBoxes();">Show all outputs</a>
<div class='log' id="Output-1660325375">
beforeInvocation - About to begin executing following method : FlockSignIn.resendOtpText<br/>
afterIncovation - Completed executing following method : FlockSignIn.resendOtpText<br/>
</div>
</td>
<td><div><pre>java.lang.NullPointerException
	at utilities.GenericMethods.elementDisplayed(GenericMethods.java:156)
	at SignIn.FlockSignIn.resendOtpText(FlockSignIn.java:286)
... Removed 25 stack frames</pre></div><a href='#' onClick='toggleBox("stack-trace1660325375", this, "Click to show all stack frames", "Click to hide stack frames")'>Click to show all stack frames</a>
<div class='stack-trace' id='stack-trace1660325375'><pre>java.lang.NullPointerException
	at utilities.GenericMethods.elementDisplayed(GenericMethods.java:156)
	at SignIn.FlockSignIn.resendOtpText(FlockSignIn.java:286)
	at sun.reflect.NativeMethodAccessorImpl.invoke0(Native Method)
	at sun.reflect.NativeMethodAccessorImpl.invoke(Unknown Source)
	at sun.reflect.DelegatingMethodAccessorImpl.invoke(Unknown Source)
	at java.lang.reflect.Method.invoke(Unknown Source)
	at org.testng.internal.MethodInvocationHelper.invokeMethod(MethodInvocationHelper.java:108)
	at org.testng.internal.Invoker.invokeMethod(Invoker.java:661)
	at org.testng.internal.Invoker.invokeTestMethod(Invoker.java:869)
	at org.testng.internal.Invoker.invokeTestMethods(Invoker.java:1193)
	at org.testng.internal.TestMethodWorker.invokeTestMethods(TestMethodWorker.java:126)
	at org.testng.internal.TestMethodWorker.run(TestMethodWorker.java:109)
	at org.testng.TestRunner.privateRun(TestRunner.java:744)
	at org.testng.TestRunner.run(TestRunner.java:602)
	at org.testng.SuiteRunner.runTest(SuiteRunner.java:380)
	at org.testng.SuiteRunner.runSequentially(SuiteRunner.java:375)
	at org.testng.SuiteRunner.privateRun(SuiteRunner.java:340)
	at org.testng.SuiteRunner.run(SuiteRunner.java:289)
	at org.testng.SuiteRunnerWorker.runSuite(SuiteRunnerWorker.java:52)
	at org.testng.SuiteRunnerWorker.run(SuiteRunnerWorker.java:86)
	at org.testng.TestNG.runSuitesSequentially(TestNG.java:1301)
	at org.testng.TestNG.runSuitesLocally(TestNG.java:1226)
	at org.testng.TestNG.runSuites(TestNG.java:1144)
	at org.testng.TestNG.run(TestNG.java:1115)
	at org.testng.remote.AbstractRemoteTestNG.run(AbstractRemoteTestNG.java:132)
	at org.testng.remote.RemoteTestNG.initAndRun(RemoteTestNG.java:230)
	at org.testng.remote.RemoteTestNG.main(RemoteTestNG.java:76)
</pre></div></td>
<td>0</td>
<td>SignIn.FlockSignIn@61832929</td></tr>
<tr>
<td title='SignIn.FlockSignIn.subHeading()'><b>subHeading</b><br>Test class: SignIn.FlockSignIn<br/>
<a href="#Output-1068945248" onClick='toggleBox("Output-1068945248", this, "Show output", "Hide output");'>Show output</a>

<a href="#Output-1068945248" onClick="toggleAllBoxes();">Show all outputs</a>
<div class='log' id="Output-1068945248">
beforeInvocation - About to begin executing following method : FlockSignIn.subHeading<br/>
afterIncovation - Completed executing following method : FlockSignIn.subHeading<br/>
</div>
</td>
<td><div><pre>java.lang.NullPointerException
	at utilities.GenericMethods.elementDisplayed(GenericMethods.java:156)
	at SignIn.FlockSignIn.subHeading(FlockSignIn.java:179)
... Removed 25 stack frames</pre></div><a href='#' onClick='toggleBox("stack-trace1068945248", this, "Click to show all stack frames", "Click to hide stack frames")'>Click to show all stack frames</a>
<div class='stack-trace' id='stack-trace1068945248'><pre>java.lang.NullPointerException
	at utilities.GenericMethods.elementDisplayed(GenericMethods.java:156)
	at SignIn.FlockSignIn.subHeading(FlockSignIn.java:179)
	at sun.reflect.NativeMethodAccessorImpl.invoke0(Native Method)
	at sun.reflect.NativeMethodAccessorImpl.invoke(Unknown Source)
	at sun.reflect.DelegatingMethodAccessorImpl.invoke(Unknown Source)
	at java.lang.reflect.Method.invoke(Unknown Source)
	at org.testng.internal.MethodInvocationHelper.invokeMethod(MethodInvocationHelper.java:108)
	at org.testng.internal.Invoker.invokeMethod(Invoker.java:661)
	at org.testng.internal.Invoker.invokeTestMethod(Invoker.java:869)
	at org.testng.internal.Invoker.invokeTestMethods(Invoker.java:1193)
	at org.testng.internal.TestMethodWorker.invokeTestMethods(TestMethodWorker.java:126)
	at org.testng.internal.TestMethodWorker.run(TestMethodWorker.java:109)
	at org.testng.TestRunner.privateRun(TestRunner.java:744)
	at org.testng.TestRunner.run(TestRunner.java:602)
	at org.testng.SuiteRunner.runTest(SuiteRunner.java:380)
	at org.testng.SuiteRunner.runSequentially(SuiteRunner.java:375)
	at org.testng.SuiteRunner.privateRun(SuiteRunner.java:340)
	at org.testng.SuiteRunner.run(SuiteRunner.java:289)
	at org.testng.SuiteRunnerWorker.runSuite(SuiteRunnerWorker.java:52)
	at org.testng.SuiteRunnerWorker.run(SuiteRunnerWorker.java:86)
	at org.testng.TestNG.runSuitesSequentially(TestNG.java:1301)
	at org.testng.TestNG.runSuitesLocally(TestNG.java:1226)
	at org.testng.TestNG.runSuites(TestNG.java:1144)
	at org.testng.TestNG.run(TestNG.java:1115)
	at org.testng.remote.AbstractRemoteTestNG.run(AbstractRemoteTestNG.java:132)
	at org.testng.remote.RemoteTestNG.initAndRun(RemoteTestNG.java:230)
	at org.testng.remote.RemoteTestNG.main(RemoteTestNG.java:76)
</pre></div></td>
<td>0</td>
<td>SignIn.FlockSignIn@61832929</td></tr>
<tr>
<td title='SignIn.FlockSignIn.verifyButton()'><b>verifyButton</b><br>Test class: SignIn.FlockSignIn<br/>
<a href="#Output-824881806" onClick='toggleBox("Output-824881806", this, "Show output", "Hide output");'>Show output</a>

<a href="#Output-824881806" onClick="toggleAllBoxes();">Show all outputs</a>
<div class='log' id="Output-824881806">
beforeInvocation - About to begin executing following method : FlockSignIn.verifyButton<br/>
afterIncovation - Completed executing following method : FlockSignIn.verifyButton<br/>
</div>
</td>
<td><div><pre>java.lang.NullPointerException
	at utilities.GenericMethods.elementDisplayed(GenericMethods.java:156)
	at SignIn.FlockSignIn.verifyButton(FlockSignIn.java:308)
... Removed 25 stack frames</pre></div><a href='#' onClick='toggleBox("stack-trace824881806", this, "Click to show all stack frames", "Click to hide stack frames")'>Click to show all stack frames</a>
<div class='stack-trace' id='stack-trace824881806'><pre>java.lang.NullPointerException
	at utilities.GenericMethods.elementDisplayed(GenericMethods.java:156)
	at SignIn.FlockSignIn.verifyButton(FlockSignIn.java:308)
	at sun.reflect.NativeMethodAccessorImpl.invoke0(Native Method)
	at sun.reflect.NativeMethodAccessorImpl.invoke(Unknown Source)
	at sun.reflect.DelegatingMethodAccessorImpl.invoke(Unknown Source)
	at java.lang.reflect.Method.invoke(Unknown Source)
	at org.testng.internal.MethodInvocationHelper.invokeMethod(MethodInvocationHelper.java:108)
	at org.testng.internal.Invoker.invokeMethod(Invoker.java:661)
	at org.testng.internal.Invoker.invokeTestMethod(Invoker.java:869)
	at org.testng.internal.Invoker.invokeTestMethods(Invoker.java:1193)
	at org.testng.internal.TestMethodWorker.invokeTestMethods(TestMethodWorker.java:126)
	at org.testng.internal.TestMethodWorker.run(TestMethodWorker.java:109)
	at org.testng.TestRunner.privateRun(TestRunner.java:744)
	at org.testng.TestRunner.run(TestRunner.java:602)
	at org.testng.SuiteRunner.runTest(SuiteRunner.java:380)
	at org.testng.SuiteRunner.runSequentially(SuiteRunner.java:375)
	at org.testng.SuiteRunner.privateRun(SuiteRunner.java:340)
	at org.testng.SuiteRunner.run(SuiteRunner.java:289)
	at org.testng.SuiteRunnerWorker.runSuite(SuiteRunnerWorker.java:52)
	at org.testng.SuiteRunnerWorker.run(SuiteRunnerWorker.java:86)
	at org.testng.TestNG.runSuitesSequentially(TestNG.java:1301)
	at org.testng.TestNG.runSuitesLocally(TestNG.java:1226)
	at org.testng.TestNG.runSuites(TestNG.java:1144)
	at org.testng.TestNG.run(TestNG.java:1115)
	at org.testng.remote.AbstractRemoteTestNG.run(AbstractRemoteTestNG.java:132)
	at org.testng.remote.RemoteTestNG.initAndRun(RemoteTestNG.java:230)
	at org.testng.remote.RemoteTestNG.main(RemoteTestNG.java:76)
</pre></div></td>
<td>0</td>
<td>SignIn.FlockSignIn@61832929</td></tr>
<tr>
<td title='SignIn.FlockSignIn.windowTitle()'><b>windowTitle</b><br>Test class: SignIn.FlockSignIn<br/>
<a href="#Output-1896552614" onClick='toggleBox("Output-1896552614", this, "Show output", "Hide output");'>Show output</a>

<a href="#Output-1896552614" onClick="toggleAllBoxes();">Show all outputs</a>
<div class='log' id="Output-1896552614">
beforeInvocation - About to begin executing following method : FlockSignIn.windowTitle<br/>
afterIncovation - Completed executing following method : FlockSignIn.windowTitle<br/>
</div>
</td>
<td><div><pre>java.lang.NullPointerException
	at utilities.GenericMethods.getTitle(GenericMethods.java:121)
	at SignIn.FlockSignIn.windowTitle(FlockSignIn.java:41)
... Removed 25 stack frames</pre></div><a href='#' onClick='toggleBox("stack-trace1896552614", this, "Click to show all stack frames", "Click to hide stack frames")'>Click to show all stack frames</a>
<div class='stack-trace' id='stack-trace1896552614'><pre>java.lang.NullPointerException
	at utilities.GenericMethods.getTitle(GenericMethods.java:121)
	at SignIn.FlockSignIn.windowTitle(FlockSignIn.java:41)
	at sun.reflect.NativeMethodAccessorImpl.invoke0(Native Method)
	at sun.reflect.NativeMethodAccessorImpl.invoke(Unknown Source)
	at sun.reflect.DelegatingMethodAccessorImpl.invoke(Unknown Source)
	at java.lang.reflect.Method.invoke(Unknown Source)
	at org.testng.internal.MethodInvocationHelper.invokeMethod(MethodInvocationHelper.java:108)
	at org.testng.internal.Invoker.invokeMethod(Invoker.java:661)
	at org.testng.internal.Invoker.invokeTestMethod(Invoker.java:869)
	at org.testng.internal.Invoker.invokeTestMethods(Invoker.java:1193)
	at org.testng.internal.TestMethodWorker.invokeTestMethods(TestMethodWorker.java:126)
	at org.testng.internal.TestMethodWorker.run(TestMethodWorker.java:109)
	at org.testng.TestRunner.privateRun(TestRunner.java:744)
	at org.testng.TestRunner.run(TestRunner.java:602)
	at org.testng.SuiteRunner.runTest(SuiteRunner.java:380)
	at org.testng.SuiteRunner.runSequentially(SuiteRunner.java:375)
	at org.testng.SuiteRunner.privateRun(SuiteRunner.java:340)
	at org.testng.SuiteRunner.run(SuiteRunner.java:289)
	at org.testng.SuiteRunnerWorker.runSuite(SuiteRunnerWorker.java:52)
	at org.testng.SuiteRunnerWorker.run(SuiteRunnerWorker.java:86)
	at org.testng.TestNG.runSuitesSequentially(TestNG.java:1301)
	at org.testng.TestNG.runSuitesLocally(TestNG.java:1226)
	at org.testng.TestNG.runSuites(TestNG.java:1144)
	at org.testng.TestNG.run(TestNG.java:1115)
	at org.testng.remote.AbstractRemoteTestNG.run(AbstractRemoteTestNG.java:132)
	at org.testng.remote.RemoteTestNG.initAndRun(RemoteTestNG.java:230)
	at org.testng.remote.RemoteTestNG.main(RemoteTestNG.java:76)
</pre></div></td>
<td>0</td>
<td>SignIn.FlockSignIn@61832929</td></tr>
</table><p>
<table width='100%' border='1' class='invocation-passed'>
<tr><td colspan='4' align='center'><b>PASSED TESTS</b></td></tr>
<tr><td><b>Test method</b></td>
<td width="30%"><b>Exception</b></td>
<td width="10%"><b>Time (seconds)</b></td>
<td><b>Instance</b></td>
</tr>
<tr>
<td title='SignIn.FlockSignIn.clickSkipGoogleAuth()'><b>clickSkipGoogleAuth</b><br>Test class: SignIn.FlockSignIn<br/>
<a href="#Output-1135278099" onClick='toggleBox("Output-1135278099", this, "Show output", "Hide output");'>Show output</a>

<a href="#Output-1135278099" onClick="toggleAllBoxes();">Show all outputs</a>
<div class='log' id="Output-1135278099">
beforeInvocation - About to begin executing following method : FlockSignIn.clickSkipGoogleAuth<br/>
afterIncovation - Completed executing following method : FlockSignIn.clickSkipGoogleAuth<br/>
</div>
</td>
<td></td>
<td>0</td>
<td>SignIn.FlockSignIn@61832929</td></tr>
<tr>
<td title='SignIn.FlockSignIn.enterEmail()'><b>enterEmail</b><br>Test class: SignIn.FlockSignIn<br/>
<a href="#Output-1123236701" onClick='toggleBox("Output-1123236701", this, "Show output", "Hide output");'>Show output</a>

<a href="#Output-1123236701" onClick="toggleAllBoxes();">Show all outputs</a>
<div class='log' id="Output-1123236701">
beforeInvocation - About to begin executing following method : FlockSignIn.enterEmail<br/>
afterIncovation - Completed executing following method : FlockSignIn.enterEmail<br/>
</div>
</td>
<td></td>
<td>0</td>
<td>SignIn.FlockSignIn@61832929</td></tr>
<tr>
<td title='SignIn.FlockSignIn.enterOTP()'><b>enterOTP</b><br>Test class: SignIn.FlockSignIn<br/>
<a href="#Output-172794870" onClick='toggleBox("Output-172794870", this, "Show output", "Hide output");'>Show output</a>

<a href="#Output-172794870" onClick="toggleAllBoxes();">Show all outputs</a>
<div class='log' id="Output-172794870">
beforeInvocation - About to begin executing following method : FlockSignIn.enterOTP<br/>
afterIncovation - Completed executing following method : FlockSignIn.enterOTP<br/>
</div>
</td>
<td></td>
<td>0</td>
<td>SignIn.FlockSignIn@61832929</td></tr>
</table><p>
</body>
</html>