<?xml version="1.0" encoding="UTF-8"?>
<!-- Generated by org.testng.reporters.JUnitReportReporter -->
<testsuite skipped="31" hostname="MDVLFARZANS" name="SignIn.FlockSignInDetailed" tests="63" failures="0" timestamp="12 Jul 2017 08:07:56 GMT" time="76.552" errors="1">
  <testcase name="windowTitle" time="0.000" classname="SignIn.FlockSignInDetailed">
    <skipped/>
  </testcase> <!-- windowTitle -->
  <testcase name="windowTitle" time="1.379" classname="SignIn.FlockSignInDetailed"/>
  <testcase name="beforeClass" time="35.874" classname="SignIn.FlockSignInDetailed">
    <error type="org.openqa.selenium.TimeoutException" message="timeout: cannot determine loading status
from timeout: Timed out receiving message from renderer: -1.414
  (Session info: chrome=59.0.3071.115)
  (Driver info: chromedriver=2.28.455520 (cc17746adff54984afff480136733114c6b3704b),platform=Windows NT 10.0.10586 x86_64) (WARNING: The server did not provide any stacktrace information)
Command duration or timeout: 31.43 seconds
Build info: version: &#039;unknown&#039;, revision: &#039;unknown&#039;, time: &#039;unknown&#039;
System info: host: &#039;MDVLFARZANS&#039;, ip: &#039;172.16.152.107&#039;, os.name: &#039;Windows 10&#039;, os.arch: &#039;amd64&#039;, os.version: &#039;10.0&#039;, java.version: &#039;1.8.0_131&#039;
Driver info: org.openqa.selenium.chrome.ChromeDriver
Capabilities [{applicationCacheEnabled=false, rotatable=false, mobileEmulationEnabled=false, networkConnectionEnabled=false, chrome={chromedriverVersion=2.28.455520 (cc17746adff54984afff480136733114c6b3704b), userDataDir=C:\Users\FARZAN~1.DIR\AppData\Local\Temp\scoped_dir2444_17282}, takesHeapSnapshot=true, pageLoadStrategy=normal, databaseEnabled=false, handlesAlerts=true, hasTouchScreen=false, version=59.0.3071.115, platform=XP, browserConnectionEnabled=false, nativeEvents=true, acceptSslCerts=true, locationContextEnabled=true, webStorageEnabled=true, browserName=chrome, takesScreenshot=true, javascriptEnabled=true, cssSelectorsEnabled=true, unexpectedAlertBehaviour=}]
Session ID: 76db364e920118c2cf29ed21349f9d4f">
      <![CDATA[org.openqa.selenium.TimeoutException: timeout: cannot determine loading status
from timeout: Timed out receiving message from renderer: -1.414
  (Session info: chrome=59.0.3071.115)
  (Driver info: chromedriver=2.28.455520 (cc17746adff54984afff480136733114c6b3704b),platform=Windows NT 10.0.10586 x86_64) (WARNING: The server did not provide any stacktrace information)
Command duration or timeout: 31.43 seconds
Build info: version: 'unknown', revision: 'unknown', time: 'unknown'
System info: host: 'MDVLFARZANS', ip: '172.16.152.107', os.name: 'Windows 10', os.arch: 'amd64', os.version: '10.0', java.version: '1.8.0_131'
Driver info: org.openqa.selenium.chrome.ChromeDriver
Capabilities [{applicationCacheEnabled=false, rotatable=false, mobileEmulationEnabled=false, networkConnectionEnabled=false, chrome={chromedriverVersion=2.28.455520 (cc17746adff54984afff480136733114c6b3704b), userDataDir=C:\Users\FARZAN~1.DIR\AppData\Local\Temp\scoped_dir2444_17282}, takesHeapSnapshot=true, pageLoadStrategy=normal, databaseEnabled=false, handlesAlerts=true, hasTouchScreen=false, version=59.0.3071.115, platform=XP, browserConnectionEnabled=false, nativeEvents=true, acceptSslCerts=true, locationContextEnabled=true, webStorageEnabled=true, browserName=chrome, takesScreenshot=true, javascriptEnabled=true, cssSelectorsEnabled=true, unexpectedAlertBehaviour=}]
Session ID: 76db364e920118c2cf29ed21349f9d4f
	at sun.reflect.NativeConstructorAccessorImpl.newInstance0(Native Method)
	at sun.reflect.NativeConstructorAccessorImpl.newInstance(Unknown Source)
	at sun.reflect.DelegatingConstructorAccessorImpl.newInstance(Unknown Source)
	at java.lang.reflect.Constructor.newInstance(Unknown Source)
	at org.openqa.selenium.remote.ErrorHandler.createThrowable(ErrorHandler.java:215)
	at org.openqa.selenium.remote.ErrorHandler.throwIfResponseFailed(ErrorHandler.java:167)
	at org.openqa.selenium.remote.RemoteWebDriver.execute(RemoteWebDriver.java:671)
	at org.openqa.selenium.remote.RemoteWebDriver.get(RemoteWebDriver.java:364)
	at base.BaseTestSuite.beforeClass(BaseTestSuite.java:44)
	at sun.reflect.NativeMethodAccessorImpl.invoke0(Native Method)
	at sun.reflect.NativeMethodAccessorImpl.invoke(Unknown Source)
	at sun.reflect.DelegatingMethodAccessorImpl.invoke(Unknown Source)
	at java.lang.reflect.Method.invoke(Unknown Source)
	at org.testng.internal.MethodInvocationHelper.invokeMethod(MethodInvocationHelper.java:108)
	at org.testng.internal.Invoker.invokeConfigurationMethod(Invoker.java:523)
	at org.testng.internal.Invoker.invokeConfigurations(Invoker.java:224)
	at org.testng.internal.Invoker.invokeConfigurations(Invoker.java:146)
	at org.testng.internal.TestMethodWorker.invokeBeforeClassMethods(TestMethodWorker.java:166)
	at org.testng.internal.TestMethodWorker.run(TestMethodWorker.java:105)
	at org.testng.TestRunner.privateRun(TestRunner.java:744)
	at org.testng.TestRunner.run(TestRunner.java:602)
	at org.testng.SuiteRunner.runTest(SuiteRunner.java:380)
	at org.testng.SuiteRunner.access$000(SuiteRunner.java:39)
	at org.testng.SuiteRunner$SuiteWorker.run(SuiteRunner.java:414)
	at org.testng.internal.thread.ThreadUtil$1.call(ThreadUtil.java:52)
	at java.util.concurrent.FutureTask.run(Unknown Source)
	at java.util.concurrent.ThreadPoolExecutor.runWorker(Unknown Source)
	at java.util.concurrent.ThreadPoolExecutor$Worker.run(Unknown Source)
	at java.lang.Thread.run(Unknown Source)
]]>
    </error>
  </testcase> <!-- beforeClass -->
  <testcase name="languageSwitcher" time="3.937" classname="SignIn.FlockSignInDetailed"/>
  <testcase name="languageSwitcher" time="0.000" classname="SignIn.FlockSignInDetailed">
    <skipped/>
  </testcase> <!-- languageSwitcher -->
  <testcase name="Heading" time="0.000" classname="SignIn.FlockSignInDetailed">
    <skipped/>
  </testcase> <!-- Heading -->
  <testcase name="Heading" time="0.571" classname="SignIn.FlockSignInDetailed"/>
  <testcase name="contactSupport" time="12.011" classname="SignIn.FlockSignInDetailed"/>
  <testcase name="contactSupport" time="0.000" classname="SignIn.FlockSignInDetailed">
    <skipped/>
  </testcase> <!-- contactSupport -->
  <testcase name="subHeading" time="0.190" classname="SignIn.FlockSignInDetailed"/>
  <testcase name="subHeading" time="0.000" classname="SignIn.FlockSignInDetailed">
    <skipped/>
  </testcase> <!-- subHeading -->
  <testcase name="emailPlaceHolder" time="0.000" classname="SignIn.FlockSignInDetailed">
    <skipped/>
  </testcase> <!-- emailPlaceHolder -->
  <testcase name="emailPlaceHolder" time="0.114" classname="SignIn.FlockSignInDetailed"/>
  <testcase name="loginButton" time="0.000" classname="SignIn.FlockSignInDetailed">
    <skipped/>
  </testcase> <!-- loginButton -->
  <testcase name="loginButton" time="0.116" classname="SignIn.FlockSignInDetailed"/>
  <testcase name="onbaordingSideBar" time="0.024" classname="SignIn.FlockSignInDetailed"/>
  <testcase name="onbaordingSideBar" time="0.000" classname="SignIn.FlockSignInDetailed">
    <skipped/>
  </testcase> <!-- onbaordingSideBar -->
  <testcase name="emailFieldErrorMessage" time="0.448" classname="SignIn.FlockSignInDetailed"/>
  <testcase name="emailFieldErrorMessage" time="0.466" classname="SignIn.FlockSignInDetailed"/>
  <testcase name="emailFieldErrorMessage" time="0.000" classname="SignIn.FlockSignInDetailed">
    <skipped/>
  </testcase> <!-- emailFieldErrorMessage -->
  <testcase name="emailFieldErrorMessage" time="0.000" classname="SignIn.FlockSignInDetailed">
    <skipped/>
  </testcase> <!-- emailFieldErrorMessage -->
  <testcase name="emailFieldErrorMessage" time="0.597" classname="SignIn.FlockSignInDetailed"/>
  <testcase name="emailFieldErrorMessage" time="0.000" classname="SignIn.FlockSignInDetailed">
    <skipped/>
  </testcase> <!-- emailFieldErrorMessage -->
  <testcase name="enterEmail" time="0.000" classname="SignIn.FlockSignInDetailed">
    <skipped/>
  </testcase> <!-- enterEmail -->
  <testcase name="enterEmail" time="0.298" classname="SignIn.FlockSignInDetailed"/>
  <testcase name="googleAuthHeading" time="1.208" classname="SignIn.FlockSignInDetailed"/>
  <testcase name="googleAuthHeading" time="0.000" classname="SignIn.FlockSignInDetailed">
    <skipped/>
  </testcase> <!-- googleAuthHeading -->
  <testcase name="googleAuthButton" time="0.105" classname="SignIn.FlockSignInDetailed"/>
  <testcase name="googleAuthButton" time="0.000" classname="SignIn.FlockSignInDetailed">
    <skipped/>
  </testcase> <!-- googleAuthButton -->
  <testcase name="googleAuthSkipButton" time="0.000" classname="SignIn.FlockSignInDetailed">
    <skipped/>
  </testcase> <!-- googleAuthSkipButton -->
  <testcase name="googleAuthSubHeading" time="0.128" classname="SignIn.FlockSignInDetailed"/>
  <testcase name="googleAuthSubHeading" time="0.000" classname="SignIn.FlockSignInDetailed">
    <skipped/>
  </testcase> <!-- googleAuthSubHeading -->
  <testcase name="googleAuthSkipButton" time="0.103" classname="SignIn.FlockSignInDetailed"/>
  <testcase name="googleAuthNote" time="0.000" classname="SignIn.FlockSignInDetailed">
    <skipped/>
  </testcase> <!-- googleAuthNote -->
  <testcase name="googleAuthNote" time="0.177" classname="SignIn.FlockSignInDetailed"/>
  <testcase name="clickSkipGoogleAuth" time="0.000" classname="SignIn.FlockSignInDetailed">
    <skipped/>
  </testcase> <!-- clickSkipGoogleAuth -->
  <testcase name="clickSkipGoogleAuth" time="0.179" classname="SignIn.FlockSignInDetailed"/>
  <testcase name="otpHeading" time="1.807" classname="SignIn.FlockSignInDetailed"/>
  <testcase name="otpHeading" time="0.000" classname="SignIn.FlockSignInDetailed">
    <skipped/>
  </testcase> <!-- otpHeading -->
  <testcase name="otpSubHeading" time="0.317" classname="SignIn.FlockSignInDetailed"/>
  <testcase name="otpSubHeading" time="0.000" classname="SignIn.FlockSignInDetailed">
    <skipped/>
  </testcase> <!-- otpSubHeading -->
  <testcase name="otpPlaceHolder" time="0.091" classname="SignIn.FlockSignInDetailed"/>
  <testcase name="otpPlaceHolder" time="0.000" classname="SignIn.FlockSignInDetailed">
    <skipped/>
  </testcase> <!-- otpPlaceHolder -->
  <testcase name="resendOtpText" time="0.106" classname="SignIn.FlockSignInDetailed"/>
  <testcase name="resendOtpText" time="0.000" classname="SignIn.FlockSignInDetailed">
    <skipped/>
  </testcase> <!-- resendOtpText -->
  <testcase name="resendOtpHook" time="0.000" classname="SignIn.FlockSignInDetailed">
    <skipped/>
  </testcase> <!-- resendOtpHook -->
  <testcase name="resendOtpHook" time="0.326" classname="SignIn.FlockSignInDetailed"/>
  <testcase name="resendOtpHookClicked" time="0.000" classname="SignIn.FlockSignInDetailed">
    <skipped/>
  </testcase> <!-- resendOtpHookClicked -->
  <testcase name="resendOtpHookClicked" time="0.374" classname="SignIn.FlockSignInDetailed"/>
  <testcase name="verifyButton" time="0.000" classname="SignIn.FlockSignInDetailed">
    <skipped/>
  </testcase> <!-- verifyButton -->
  <testcase name="checkEditButton" time="5.636" classname="SignIn.FlockSignInDetailed"/>
  <testcase name="verifyButton" time="0.255" classname="SignIn.FlockSignInDetailed"/>
  <testcase name="checkEditButton" time="0.000" classname="SignIn.FlockSignInDetailed">
    <skipped/>
  </testcase> <!-- checkEditButton -->
  <testcase name="otpErrorMessage" time="0.000" classname="SignIn.FlockSignInDetailed">
    <skipped/>
  </testcase> <!-- otpErrorMessage -->
  <testcase name="otpErrorMessage" time="0.001" classname="SignIn.FlockSignInDetailed">
    <skipped/>
  </testcase> <!-- otpErrorMessage -->
  <testcase name="otpErrorMessage" time="0.001" classname="SignIn.FlockSignInDetailed">
    <skipped/>
  </testcase> <!-- otpErrorMessage -->
  <testcase name="otpErrorMessage" time="2.374" classname="SignIn.FlockSignInDetailed"/>
  <testcase name="otpErrorMessage" time="2.416" classname="SignIn.FlockSignInDetailed"/>
  <testcase name="otpErrorMessage" time="2.364" classname="SignIn.FlockSignInDetailed"/>
  <testcase name="otpErrorMessage1" time="2.349" classname="SignIn.FlockSignInDetailed"/>
  <testcase name="otpErrorMessage1" time="0.000" classname="SignIn.FlockSignInDetailed">
    <skipped/>
  </testcase> <!-- otpErrorMessage1 -->
  <testcase name="enterOTP" time="0.000" classname="SignIn.FlockSignInDetailed">
    <skipped/>
  </testcase> <!-- enterOTP -->
  <testcase name="enterOTP" time="0.210" classname="SignIn.FlockSignInDetailed"/>
</testsuite> <!-- SignIn.FlockSignInDetailed -->
