<html>
<head>
<title>TestNG:  Firefox Browser</title>
<link href="../testng.css" rel="stylesheet" type="text/css" />
<link href="../my-testng.css" rel="stylesheet" type="text/css" />

<style type="text/css">
.log { display: none;} 
.stack-trace { display: none;} 
</style>
<script type="text/javascript">
<!--
function flip(e) {
  current = e.style.display;
  if (current == 'block') {
    e.style.display = 'none';
    return 0;
  }
  else {
    e.style.display = 'block';
    return 1;
  }
}

function toggleBox(szDivId, elem, msg1, msg2)
{
  var res = -1;  if (document.getElementById) {
    res = flip(document.getElementById(szDivId));
  }
  else if (document.all) {
    // this is the way old msie versions work
    res = flip(document.all[szDivId]);
  }
  if(elem) {
    if(res == 0) elem.innerHTML = msg1; else elem.innerHTML = msg2;
  }

}

function toggleAllBoxes() {
  if (document.getElementsByTagName) {
    d = document.getElementsByTagName('div');
    for (i = 0; i < d.length; i++) {
      if (d[i].className == 'log') {
        flip(d[i]);
      }
    }
  }
}

// -->
</script>

</head>
<body>
<h2 align='center'>Firefox Browser</h2><table border='1' align="center">
<tr>
<td>Tests passed/Failed/Skipped:</td><td>0/0/3</td>
</tr><tr>
<td>Started on:</td><td>Mon Jul 31 17:45:59 IST 2017</td>
</tr>
<tr><td>Total time:</td><td>37 seconds (37264 ms)</td>
</tr><tr>
<td>Included groups:</td><td></td>
</tr><tr>
<td>Excluded groups:</td><td></td>
</tr>
</table><p/>
<small><i>(Hover the method name to see the test class name)</i></small><p/>
<table width='100%' border='1' class='invocation-failed'>
<tr><td colspan='4' align='center'><b>FAILED CONFIGURATIONS</b></td></tr>
<tr><td><b>Test method</b></td>
<td width="30%"><b>Exception</b></td>
<td width="10%"><b>Time (seconds)</b></td>
<td><b>Instance</b></td>
</tr>
<tr>
<td title='flockClient.searchPlus.beforeClas()'><b>beforeClas</b><br>Test class: flockClient.searchPlus<br/>
<a href="#Output-1544561055" onClick='toggleBox("Output-1544561055", this, "Show output", "Hide output");'>Show output</a>

<a href="#Output-1544561055" onClick="toggleAllBoxes();">Show all outputs</a>
<div class='log' id="Output-1544561055">
Finished executing the following method (afterInvocation): flockClient.searchPlus => beforeClas<br/>
</div>
</td>
<td><div><pre>org.openqa.selenium.WebDriverException: TypeError: can&apos;t access dead object
Build info: version: &apos;unknown&apos;, revision: &apos;unknown&apos;, time: &apos;unknown&apos;
System info: host: &apos;MDVLFARZANS&apos;, ip: &apos;172.16.138.89&apos;, os.name: &apos;Windows 10&apos;, os.arch: &apos;amd64&apos;, os.version: &apos;10.0&apos;, java.version: &apos;1.8.0_141&apos;
Driver info: org.openqa.selenium.firefox.FirefoxDriver
Capabilities [{moz:profile=C:\Users\FARZAN~1.DIR\AppData\Local\Temp\rust_mozprofile.3hHq2qJ2Bsgy, rotatable=false, timeouts={implicit=0.0, pageLoad=300000.0, script=30000.0}, pageLoadStrategy=normal, platform=ANY, specificationLevel=0.0, moz:accessibilityChecks=false, acceptInsecureCerts=false, browserVersion=54.0.1, platformVersion=10.0, moz:processID=13772.0, browserName=firefox, javascriptEnabled=true, platformName=windows_nt}]
Session ID: c35c4a56-0bcf-4d1e-ab82-5d0c459bf720
*** Element info: {Using=xpath, value=.//div[@style=&apos;position: absolute; opacity: 1; left: 750px; top: 106px; z-index: 950;&apos;]/div[@class=&apos;dijitDialogPaneContent&apos;]}
	at org.openqa.selenium.remote.http.W3CHttpResponseCodec.createException(W3CHttpResponseCodec.java:150)
	at org.openqa.selenium.remote.http.W3CHttpResponseCodec.decode(W3CHttpResponseCodec.java:115)
	at org.openqa.selenium.remote.http.W3CHttpResponseCodec.decode(W3CHttpResponseCodec.java:45)
	at org.openqa.selenium.remote.HttpCommandExecutor.execute(HttpCommandExecutor.java:164)
	at org.openqa.selenium.remote.service.DriverCommandExecutor.execute(DriverCommandExecutor.java:82)
	at org.openqa.selenium.remote.RemoteWebDriver.execute(RemoteWebDriver.java:637)
	at org.openqa.selenium.remote.RemoteWebDriver.findElements(RemoteWebDriver.java:437)
	at org.openqa.selenium.remote.RemoteWebDriver.findElementsByXPath(RemoteWebDriver.java:513)
	at org.openqa.selenium.By$ByXPath.findElements(By.java:356)
	at org.openqa.selenium.remote.RemoteWebDriver.findElements(RemoteWebDriver.java:398)
	at utilities.GenericMethods.getElementList(GenericMethods.java:54)
	at utilities.GenericMethods.isElementPresent(GenericMethods.java:71)
	at utilities.OnBoardingUtils.handleLanguageAlert(OnBoardingUtils.java:61)
	at utilities.OnBoardingUtils.setUpUserAccount(OnBoardingUtils.java:54)
	at base.BaseTestSuite.beforeClas(BaseTestSuite.java:82)
	at java.util.concurrent.FutureTask.run(Unknown Source)
	at java.util.concurrent.ThreadPoolExecutor.runWorker(Unknown Source)
	at java.util.concurrent.ThreadPoolExecutor$Worker.run(Unknown Source)
	at java.lang.Thread.run(Unknown Source)
... Removed 20 stack frames</pre></div><a href='#' onClick='toggleBox("stack-trace1544561055", this, "Click to show all stack frames", "Click to hide stack frames")'>Click to show all stack frames</a>
<div class='stack-trace' id='stack-trace1544561055'><pre>org.openqa.selenium.WebDriverException: TypeError: can&apos;t access dead object
Build info: version: &apos;unknown&apos;, revision: &apos;unknown&apos;, time: &apos;unknown&apos;
System info: host: &apos;MDVLFARZANS&apos;, ip: &apos;172.16.138.89&apos;, os.name: &apos;Windows 10&apos;, os.arch: &apos;amd64&apos;, os.version: &apos;10.0&apos;, java.version: &apos;1.8.0_141&apos;
Driver info: org.openqa.selenium.firefox.FirefoxDriver
Capabilities [{moz:profile=C:\Users\FARZAN~1.DIR\AppData\Local\Temp\rust_mozprofile.3hHq2qJ2Bsgy, rotatable=false, timeouts={implicit=0.0, pageLoad=300000.0, script=30000.0}, pageLoadStrategy=normal, platform=ANY, specificationLevel=0.0, moz:accessibilityChecks=false, acceptInsecureCerts=false, browserVersion=54.0.1, platformVersion=10.0, moz:processID=13772.0, browserName=firefox, javascriptEnabled=true, platformName=windows_nt}]
Session ID: c35c4a56-0bcf-4d1e-ab82-5d0c459bf720
*** Element info: {Using=xpath, value=.//div[@style=&apos;position: absolute; opacity: 1; left: 750px; top: 106px; z-index: 950;&apos;]/div[@class=&apos;dijitDialogPaneContent&apos;]}
	at sun.reflect.NativeConstructorAccessorImpl.newInstance0(Native Method)
	at sun.reflect.NativeConstructorAccessorImpl.newInstance(Unknown Source)
	at sun.reflect.DelegatingConstructorAccessorImpl.newInstance(Unknown Source)
	at java.lang.reflect.Constructor.newInstance(Unknown Source)
	at org.openqa.selenium.remote.http.W3CHttpResponseCodec.createException(W3CHttpResponseCodec.java:150)
	at org.openqa.selenium.remote.http.W3CHttpResponseCodec.decode(W3CHttpResponseCodec.java:115)
	at org.openqa.selenium.remote.http.W3CHttpResponseCodec.decode(W3CHttpResponseCodec.java:45)
	at org.openqa.selenium.remote.HttpCommandExecutor.execute(HttpCommandExecutor.java:164)
	at org.openqa.selenium.remote.service.DriverCommandExecutor.execute(DriverCommandExecutor.java:82)
	at org.openqa.selenium.remote.RemoteWebDriver.execute(RemoteWebDriver.java:637)
	at org.openqa.selenium.remote.RemoteWebDriver.findElements(RemoteWebDriver.java:437)
	at org.openqa.selenium.remote.RemoteWebDriver.findElementsByXPath(RemoteWebDriver.java:513)
	at org.openqa.selenium.By$ByXPath.findElements(By.java:356)
	at org.openqa.selenium.remote.RemoteWebDriver.findElements(RemoteWebDriver.java:398)
	at utilities.GenericMethods.getElementList(GenericMethods.java:54)
	at utilities.GenericMethods.isElementPresent(GenericMethods.java:71)
	at utilities.OnBoardingUtils.handleLanguageAlert(OnBoardingUtils.java:61)
	at utilities.OnBoardingUtils.setUpUserAccount(OnBoardingUtils.java:54)
	at base.BaseTestSuite.beforeClas(BaseTestSuite.java:82)
	at sun.reflect.NativeMethodAccessorImpl.invoke0(Native Method)
	at sun.reflect.NativeMethodAccessorImpl.invoke(Unknown Source)
	at sun.reflect.DelegatingMethodAccessorImpl.invoke(Unknown Source)
	at java.lang.reflect.Method.invoke(Unknown Source)
	at org.testng.internal.MethodInvocationHelper.invokeMethod(MethodInvocationHelper.java:108)
	at org.testng.internal.Invoker.invokeConfigurationMethod(Invoker.java:523)
	at org.testng.internal.Invoker.invokeConfigurations(Invoker.java:224)
	at org.testng.internal.Invoker.invokeConfigurations(Invoker.java:146)
	at org.testng.internal.TestMethodWorker.invokeBeforeClassMethods(TestMethodWorker.java:166)
	at org.testng.internal.TestMethodWorker.run(TestMethodWorker.java:105)
	at org.testng.TestRunner.privateRun(TestRunner.java:744)
	at org.testng.TestRunner.run(TestRunner.java:602)
	at org.testng.SuiteRunner.runTest(SuiteRunner.java:380)
	at org.testng.SuiteRunner.access$000(SuiteRunner.java:39)
	at org.testng.SuiteRunner$SuiteWorker.run(SuiteRunner.java:414)
	at org.testng.internal.thread.ThreadUtil$1.call(ThreadUtil.java:52)
	at java.util.concurrent.FutureTask.run(Unknown Source)
	at java.util.concurrent.ThreadPoolExecutor.runWorker(Unknown Source)
	at java.util.concurrent.ThreadPoolExecutor$Worker.run(Unknown Source)
	at java.lang.Thread.run(Unknown Source)
</pre></div></td>
<td>17</td>
<td>flockClient.searchPlus@76ed1b7c</td></tr>
</table><p>
<table width='100%' border='1' class='invocation-skipped'>
<tr><td colspan='4' align='center'><b>SKIPPED CONFIGURATIONS</b></td></tr>
<tr><td><b>Test method</b></td>
<td width="30%"><b>Exception</b></td>
<td width="10%"><b>Time (seconds)</b></td>
<td><b>Instance</b></td>
</tr>
<tr>
<td title='flockClient.searchPlus.beforeMethod()'><b>beforeMethod</b><br>Test class: flockClient.searchPlus</td>
<td></td>
<td>0</td>
<td>flockClient.searchPlus@76ed1b7c</td></tr>
<tr>
<td title='flockClient.searchPlus.beforeMethod()'><b>beforeMethod</b><br>Test class: flockClient.searchPlus</td>
<td></td>
<td>0</td>
<td>flockClient.searchPlus@76ed1b7c</td></tr>
<tr>
<td title='flockClient.searchPlus.beforeMethod()'><b>beforeMethod</b><br>Test class: flockClient.searchPlus</td>
<td></td>
<td>0</td>
<td>flockClient.searchPlus@76ed1b7c</td></tr>
<tr>
<td title='flockClient.searchPlus.afterClass()'><b>afterClass</b><br>Test class: flockClient.searchPlus</td>
<td></td>
<td>0</td>
<td>flockClient.searchPlus@76ed1b7c</td></tr>
<tr>
<td title='flockClient.searchPlus.afterTest()'><b>afterTest</b><br>Test class: flockClient.searchPlus</td>
<td></td>
<td>0</td>
<td>flockClient.searchPlus@76ed1b7c</td></tr>
</table><p>
<table width='100%' border='1' class='invocation-skipped'>
<tr><td colspan='4' align='center'><b>SKIPPED TESTS</b></td></tr>
<tr><td><b>Test method</b></td>
<td width="30%"><b>Exception</b></td>
<td width="10%"><b>Time (seconds)</b></td>
<td><b>Instance</b></td>
</tr>
<tr>
<td title='flockClient.searchPlus.searchPlusChannelOption()'><b>searchPlusChannelOption</b><br>Test class: flockClient.searchPlus<br/>
<a href="#Output-2012157941" onClick='toggleBox("Output-2012157941", this, "Show output", "Hide output");'>Show output</a>

<a href="#Output-2012157941" onClick="toggleAllBoxes();">Show all outputs</a>
<div class='log' id="Output-2012157941">
Skipped Test (onTestSkipped): searchPlusChannelOption<br/>
</div>
</td>
<td><div><pre>org.openqa.selenium.WebDriverException: TypeError: can&apos;t access dead object
Build info: version: &apos;unknown&apos;, revision: &apos;unknown&apos;, time: &apos;unknown&apos;
System info: host: &apos;MDVLFARZANS&apos;, ip: &apos;172.16.138.89&apos;, os.name: &apos;Windows 10&apos;, os.arch: &apos;amd64&apos;, os.version: &apos;10.0&apos;, java.version: &apos;1.8.0_141&apos;
Driver info: org.openqa.selenium.firefox.FirefoxDriver
Capabilities [{moz:profile=C:\Users\FARZAN~1.DIR\AppData\Local\Temp\rust_mozprofile.3hHq2qJ2Bsgy, rotatable=false, timeouts={implicit=0.0, pageLoad=300000.0, script=30000.0}, pageLoadStrategy=normal, platform=ANY, specificationLevel=0.0, moz:accessibilityChecks=false, acceptInsecureCerts=false, browserVersion=54.0.1, platformVersion=10.0, moz:processID=13772.0, browserName=firefox, javascriptEnabled=true, platformName=windows_nt}]
Session ID: c35c4a56-0bcf-4d1e-ab82-5d0c459bf720
*** Element info: {Using=xpath, value=.//div[@style=&apos;position: absolute; opacity: 1; left: 750px; top: 106px; z-index: 950;&apos;]/div[@class=&apos;dijitDialogPaneContent&apos;]}
	at org.openqa.selenium.remote.http.W3CHttpResponseCodec.createException(W3CHttpResponseCodec.java:150)
	at org.openqa.selenium.remote.http.W3CHttpResponseCodec.decode(W3CHttpResponseCodec.java:115)
	at org.openqa.selenium.remote.http.W3CHttpResponseCodec.decode(W3CHttpResponseCodec.java:45)
	at org.openqa.selenium.remote.HttpCommandExecutor.execute(HttpCommandExecutor.java:164)
	at org.openqa.selenium.remote.service.DriverCommandExecutor.execute(DriverCommandExecutor.java:82)
	at org.openqa.selenium.remote.RemoteWebDriver.execute(RemoteWebDriver.java:637)
	at org.openqa.selenium.remote.RemoteWebDriver.findElements(RemoteWebDriver.java:437)
	at org.openqa.selenium.remote.RemoteWebDriver.findElementsByXPath(RemoteWebDriver.java:513)
	at org.openqa.selenium.By$ByXPath.findElements(By.java:356)
	at org.openqa.selenium.remote.RemoteWebDriver.findElements(RemoteWebDriver.java:398)
	at utilities.GenericMethods.getElementList(GenericMethods.java:54)
	at utilities.GenericMethods.isElementPresent(GenericMethods.java:71)
	at utilities.OnBoardingUtils.handleLanguageAlert(OnBoardingUtils.java:61)
	at utilities.OnBoardingUtils.setUpUserAccount(OnBoardingUtils.java:54)
	at base.BaseTestSuite.beforeClas(BaseTestSuite.java:82)
	at java.util.concurrent.FutureTask.run(Unknown Source)
	at java.util.concurrent.ThreadPoolExecutor.runWorker(Unknown Source)
	at java.util.concurrent.ThreadPoolExecutor$Worker.run(Unknown Source)
	at java.lang.Thread.run(Unknown Source)
... Removed 20 stack frames</pre></div><a href='#' onClick='toggleBox("stack-trace2012157941", this, "Click to show all stack frames", "Click to hide stack frames")'>Click to show all stack frames</a>
<div class='stack-trace' id='stack-trace2012157941'><pre>org.openqa.selenium.WebDriverException: TypeError: can&apos;t access dead object
Build info: version: &apos;unknown&apos;, revision: &apos;unknown&apos;, time: &apos;unknown&apos;
System info: host: &apos;MDVLFARZANS&apos;, ip: &apos;172.16.138.89&apos;, os.name: &apos;Windows 10&apos;, os.arch: &apos;amd64&apos;, os.version: &apos;10.0&apos;, java.version: &apos;1.8.0_141&apos;
Driver info: org.openqa.selenium.firefox.FirefoxDriver
Capabilities [{moz:profile=C:\Users\FARZAN~1.DIR\AppData\Local\Temp\rust_mozprofile.3hHq2qJ2Bsgy, rotatable=false, timeouts={implicit=0.0, pageLoad=300000.0, script=30000.0}, pageLoadStrategy=normal, platform=ANY, specificationLevel=0.0, moz:accessibilityChecks=false, acceptInsecureCerts=false, browserVersion=54.0.1, platformVersion=10.0, moz:processID=13772.0, browserName=firefox, javascriptEnabled=true, platformName=windows_nt}]
Session ID: c35c4a56-0bcf-4d1e-ab82-5d0c459bf720
*** Element info: {Using=xpath, value=.//div[@style=&apos;position: absolute; opacity: 1; left: 750px; top: 106px; z-index: 950;&apos;]/div[@class=&apos;dijitDialogPaneContent&apos;]}
	at sun.reflect.NativeConstructorAccessorImpl.newInstance0(Native Method)
	at sun.reflect.NativeConstructorAccessorImpl.newInstance(Unknown Source)
	at sun.reflect.DelegatingConstructorAccessorImpl.newInstance(Unknown Source)
	at java.lang.reflect.Constructor.newInstance(Unknown Source)
	at org.openqa.selenium.remote.http.W3CHttpResponseCodec.createException(W3CHttpResponseCodec.java:150)
	at org.openqa.selenium.remote.http.W3CHttpResponseCodec.decode(W3CHttpResponseCodec.java:115)
	at org.openqa.selenium.remote.http.W3CHttpResponseCodec.decode(W3CHttpResponseCodec.java:45)
	at org.openqa.selenium.remote.HttpCommandExecutor.execute(HttpCommandExecutor.java:164)
	at org.openqa.selenium.remote.service.DriverCommandExecutor.execute(DriverCommandExecutor.java:82)
	at org.openqa.selenium.remote.RemoteWebDriver.execute(RemoteWebDriver.java:637)
	at org.openqa.selenium.remote.RemoteWebDriver.findElements(RemoteWebDriver.java:437)
	at org.openqa.selenium.remote.RemoteWebDriver.findElementsByXPath(RemoteWebDriver.java:513)
	at org.openqa.selenium.By$ByXPath.findElements(By.java:356)
	at org.openqa.selenium.remote.RemoteWebDriver.findElements(RemoteWebDriver.java:398)
	at utilities.GenericMethods.getElementList(GenericMethods.java:54)
	at utilities.GenericMethods.isElementPresent(GenericMethods.java:71)
	at utilities.OnBoardingUtils.handleLanguageAlert(OnBoardingUtils.java:61)
	at utilities.OnBoardingUtils.setUpUserAccount(OnBoardingUtils.java:54)
	at base.BaseTestSuite.beforeClas(BaseTestSuite.java:82)
	at sun.reflect.NativeMethodAccessorImpl.invoke0(Native Method)
	at sun.reflect.NativeMethodAccessorImpl.invoke(Unknown Source)
	at sun.reflect.DelegatingMethodAccessorImpl.invoke(Unknown Source)
	at java.lang.reflect.Method.invoke(Unknown Source)
	at org.testng.internal.MethodInvocationHelper.invokeMethod(MethodInvocationHelper.java:108)
	at org.testng.internal.Invoker.invokeConfigurationMethod(Invoker.java:523)
	at org.testng.internal.Invoker.invokeConfigurations(Invoker.java:224)
	at org.testng.internal.Invoker.invokeConfigurations(Invoker.java:146)
	at org.testng.internal.TestMethodWorker.invokeBeforeClassMethods(TestMethodWorker.java:166)
	at org.testng.internal.TestMethodWorker.run(TestMethodWorker.java:105)
	at org.testng.TestRunner.privateRun(TestRunner.java:744)
	at org.testng.TestRunner.run(TestRunner.java:602)
	at org.testng.SuiteRunner.runTest(SuiteRunner.java:380)
	at org.testng.SuiteRunner.access$000(SuiteRunner.java:39)
	at org.testng.SuiteRunner$SuiteWorker.run(SuiteRunner.java:414)
	at org.testng.internal.thread.ThreadUtil$1.call(ThreadUtil.java:52)
	at java.util.concurrent.FutureTask.run(Unknown Source)
	at java.util.concurrent.ThreadPoolExecutor.runWorker(Unknown Source)
	at java.util.concurrent.ThreadPoolExecutor$Worker.run(Unknown Source)
	at java.lang.Thread.run(Unknown Source)
</pre></div></td>
<td>0</td>
<td>flockClient.searchPlus@76ed1b7c</td></tr>
<tr>
<td title='flockClient.searchPlus.searchPlusInviteOption()'><b>searchPlusInviteOption</b><br>Test class: flockClient.searchPlus<br/>
<a href="#Output-1748756151" onClick='toggleBox("Output-1748756151", this, "Show output", "Hide output");'>Show output</a>

<a href="#Output-1748756151" onClick="toggleAllBoxes();">Show all outputs</a>
<div class='log' id="Output-1748756151">
Skipped Test (onTestSkipped): searchPlusInviteOption<br/>
</div>
</td>
<td><div><pre>org.openqa.selenium.WebDriverException: TypeError: can&apos;t access dead object
Build info: version: &apos;unknown&apos;, revision: &apos;unknown&apos;, time: &apos;unknown&apos;
System info: host: &apos;MDVLFARZANS&apos;, ip: &apos;172.16.138.89&apos;, os.name: &apos;Windows 10&apos;, os.arch: &apos;amd64&apos;, os.version: &apos;10.0&apos;, java.version: &apos;1.8.0_141&apos;
Driver info: org.openqa.selenium.firefox.FirefoxDriver
Capabilities [{moz:profile=C:\Users\FARZAN~1.DIR\AppData\Local\Temp\rust_mozprofile.3hHq2qJ2Bsgy, rotatable=false, timeouts={implicit=0.0, pageLoad=300000.0, script=30000.0}, pageLoadStrategy=normal, platform=ANY, specificationLevel=0.0, moz:accessibilityChecks=false, acceptInsecureCerts=false, browserVersion=54.0.1, platformVersion=10.0, moz:processID=13772.0, browserName=firefox, javascriptEnabled=true, platformName=windows_nt}]
Session ID: c35c4a56-0bcf-4d1e-ab82-5d0c459bf720
*** Element info: {Using=xpath, value=.//div[@style=&apos;position: absolute; opacity: 1; left: 750px; top: 106px; z-index: 950;&apos;]/div[@class=&apos;dijitDialogPaneContent&apos;]}
	at org.openqa.selenium.remote.http.W3CHttpResponseCodec.createException(W3CHttpResponseCodec.java:150)
	at org.openqa.selenium.remote.http.W3CHttpResponseCodec.decode(W3CHttpResponseCodec.java:115)
	at org.openqa.selenium.remote.http.W3CHttpResponseCodec.decode(W3CHttpResponseCodec.java:45)
	at org.openqa.selenium.remote.HttpCommandExecutor.execute(HttpCommandExecutor.java:164)
	at org.openqa.selenium.remote.service.DriverCommandExecutor.execute(DriverCommandExecutor.java:82)
	at org.openqa.selenium.remote.RemoteWebDriver.execute(RemoteWebDriver.java:637)
	at org.openqa.selenium.remote.RemoteWebDriver.findElements(RemoteWebDriver.java:437)
	at org.openqa.selenium.remote.RemoteWebDriver.findElementsByXPath(RemoteWebDriver.java:513)
	at org.openqa.selenium.By$ByXPath.findElements(By.java:356)
	at org.openqa.selenium.remote.RemoteWebDriver.findElements(RemoteWebDriver.java:398)
	at utilities.GenericMethods.getElementList(GenericMethods.java:54)
	at utilities.GenericMethods.isElementPresent(GenericMethods.java:71)
	at utilities.OnBoardingUtils.handleLanguageAlert(OnBoardingUtils.java:61)
	at utilities.OnBoardingUtils.setUpUserAccount(OnBoardingUtils.java:54)
	at base.BaseTestSuite.beforeClas(BaseTestSuite.java:82)
	at java.util.concurrent.FutureTask.run(Unknown Source)
	at java.util.concurrent.ThreadPoolExecutor.runWorker(Unknown Source)
	at java.util.concurrent.ThreadPoolExecutor$Worker.run(Unknown Source)
	at java.lang.Thread.run(Unknown Source)
... Removed 20 stack frames</pre></div><a href='#' onClick='toggleBox("stack-trace1748756151", this, "Click to show all stack frames", "Click to hide stack frames")'>Click to show all stack frames</a>
<div class='stack-trace' id='stack-trace1748756151'><pre>org.openqa.selenium.WebDriverException: TypeError: can&apos;t access dead object
Build info: version: &apos;unknown&apos;, revision: &apos;unknown&apos;, time: &apos;unknown&apos;
System info: host: &apos;MDVLFARZANS&apos;, ip: &apos;172.16.138.89&apos;, os.name: &apos;Windows 10&apos;, os.arch: &apos;amd64&apos;, os.version: &apos;10.0&apos;, java.version: &apos;1.8.0_141&apos;
Driver info: org.openqa.selenium.firefox.FirefoxDriver
Capabilities [{moz:profile=C:\Users\FARZAN~1.DIR\AppData\Local\Temp\rust_mozprofile.3hHq2qJ2Bsgy, rotatable=false, timeouts={implicit=0.0, pageLoad=300000.0, script=30000.0}, pageLoadStrategy=normal, platform=ANY, specificationLevel=0.0, moz:accessibilityChecks=false, acceptInsecureCerts=false, browserVersion=54.0.1, platformVersion=10.0, moz:processID=13772.0, browserName=firefox, javascriptEnabled=true, platformName=windows_nt}]
Session ID: c35c4a56-0bcf-4d1e-ab82-5d0c459bf720
*** Element info: {Using=xpath, value=.//div[@style=&apos;position: absolute; opacity: 1; left: 750px; top: 106px; z-index: 950;&apos;]/div[@class=&apos;dijitDialogPaneContent&apos;]}
	at sun.reflect.NativeConstructorAccessorImpl.newInstance0(Native Method)
	at sun.reflect.NativeConstructorAccessorImpl.newInstance(Unknown Source)
	at sun.reflect.DelegatingConstructorAccessorImpl.newInstance(Unknown Source)
	at java.lang.reflect.Constructor.newInstance(Unknown Source)
	at org.openqa.selenium.remote.http.W3CHttpResponseCodec.createException(W3CHttpResponseCodec.java:150)
	at org.openqa.selenium.remote.http.W3CHttpResponseCodec.decode(W3CHttpResponseCodec.java:115)
	at org.openqa.selenium.remote.http.W3CHttpResponseCodec.decode(W3CHttpResponseCodec.java:45)
	at org.openqa.selenium.remote.HttpCommandExecutor.execute(HttpCommandExecutor.java:164)
	at org.openqa.selenium.remote.service.DriverCommandExecutor.execute(DriverCommandExecutor.java:82)
	at org.openqa.selenium.remote.RemoteWebDriver.execute(RemoteWebDriver.java:637)
	at org.openqa.selenium.remote.RemoteWebDriver.findElements(RemoteWebDriver.java:437)
	at org.openqa.selenium.remote.RemoteWebDriver.findElementsByXPath(RemoteWebDriver.java:513)
	at org.openqa.selenium.By$ByXPath.findElements(By.java:356)
	at org.openqa.selenium.remote.RemoteWebDriver.findElements(RemoteWebDriver.java:398)
	at utilities.GenericMethods.getElementList(GenericMethods.java:54)
	at utilities.GenericMethods.isElementPresent(GenericMethods.java:71)
	at utilities.OnBoardingUtils.handleLanguageAlert(OnBoardingUtils.java:61)
	at utilities.OnBoardingUtils.setUpUserAccount(OnBoardingUtils.java:54)
	at base.BaseTestSuite.beforeClas(BaseTestSuite.java:82)
	at sun.reflect.NativeMethodAccessorImpl.invoke0(Native Method)
	at sun.reflect.NativeMethodAccessorImpl.invoke(Unknown Source)
	at sun.reflect.DelegatingMethodAccessorImpl.invoke(Unknown Source)
	at java.lang.reflect.Method.invoke(Unknown Source)
	at org.testng.internal.MethodInvocationHelper.invokeMethod(MethodInvocationHelper.java:108)
	at org.testng.internal.Invoker.invokeConfigurationMethod(Invoker.java:523)
	at org.testng.internal.Invoker.invokeConfigurations(Invoker.java:224)
	at org.testng.internal.Invoker.invokeConfigurations(Invoker.java:146)
	at org.testng.internal.TestMethodWorker.invokeBeforeClassMethods(TestMethodWorker.java:166)
	at org.testng.internal.TestMethodWorker.run(TestMethodWorker.java:105)
	at org.testng.TestRunner.privateRun(TestRunner.java:744)
	at org.testng.TestRunner.run(TestRunner.java:602)
	at org.testng.SuiteRunner.runTest(SuiteRunner.java:380)
	at org.testng.SuiteRunner.access$000(SuiteRunner.java:39)
	at org.testng.SuiteRunner$SuiteWorker.run(SuiteRunner.java:414)
	at org.testng.internal.thread.ThreadUtil$1.call(ThreadUtil.java:52)
	at java.util.concurrent.FutureTask.run(Unknown Source)
	at java.util.concurrent.ThreadPoolExecutor.runWorker(Unknown Source)
	at java.util.concurrent.ThreadPoolExecutor$Worker.run(Unknown Source)
	at java.lang.Thread.run(Unknown Source)
</pre></div></td>
<td>0</td>
<td>flockClient.searchPlus@76ed1b7c</td></tr>
<tr>
<td title='flockClient.searchPlus.searchPlusJoinChannelOption()'><b>searchPlusJoinChannelOption</b><br>Test class: flockClient.searchPlus<br/>
<a href="#Output-416662668" onClick='toggleBox("Output-416662668", this, "Show output", "Hide output");'>Show output</a>

<a href="#Output-416662668" onClick="toggleAllBoxes();">Show all outputs</a>
<div class='log' id="Output-416662668">
Skipped Test (onTestSkipped): searchPlusJoinChannelOption<br/>
</div>
</td>
<td><div><pre>org.openqa.selenium.WebDriverException: TypeError: can&apos;t access dead object
Build info: version: &apos;unknown&apos;, revision: &apos;unknown&apos;, time: &apos;unknown&apos;
System info: host: &apos;MDVLFARZANS&apos;, ip: &apos;172.16.138.89&apos;, os.name: &apos;Windows 10&apos;, os.arch: &apos;amd64&apos;, os.version: &apos;10.0&apos;, java.version: &apos;1.8.0_141&apos;
Driver info: org.openqa.selenium.firefox.FirefoxDriver
Capabilities [{moz:profile=C:\Users\FARZAN~1.DIR\AppData\Local\Temp\rust_mozprofile.3hHq2qJ2Bsgy, rotatable=false, timeouts={implicit=0.0, pageLoad=300000.0, script=30000.0}, pageLoadStrategy=normal, platform=ANY, specificationLevel=0.0, moz:accessibilityChecks=false, acceptInsecureCerts=false, browserVersion=54.0.1, platformVersion=10.0, moz:processID=13772.0, browserName=firefox, javascriptEnabled=true, platformName=windows_nt}]
Session ID: c35c4a56-0bcf-4d1e-ab82-5d0c459bf720
*** Element info: {Using=xpath, value=.//div[@style=&apos;position: absolute; opacity: 1; left: 750px; top: 106px; z-index: 950;&apos;]/div[@class=&apos;dijitDialogPaneContent&apos;]}
	at org.openqa.selenium.remote.http.W3CHttpResponseCodec.createException(W3CHttpResponseCodec.java:150)
	at org.openqa.selenium.remote.http.W3CHttpResponseCodec.decode(W3CHttpResponseCodec.java:115)
	at org.openqa.selenium.remote.http.W3CHttpResponseCodec.decode(W3CHttpResponseCodec.java:45)
	at org.openqa.selenium.remote.HttpCommandExecutor.execute(HttpCommandExecutor.java:164)
	at org.openqa.selenium.remote.service.DriverCommandExecutor.execute(DriverCommandExecutor.java:82)
	at org.openqa.selenium.remote.RemoteWebDriver.execute(RemoteWebDriver.java:637)
	at org.openqa.selenium.remote.RemoteWebDriver.findElements(RemoteWebDriver.java:437)
	at org.openqa.selenium.remote.RemoteWebDriver.findElementsByXPath(RemoteWebDriver.java:513)
	at org.openqa.selenium.By$ByXPath.findElements(By.java:356)
	at org.openqa.selenium.remote.RemoteWebDriver.findElements(RemoteWebDriver.java:398)
	at utilities.GenericMethods.getElementList(GenericMethods.java:54)
	at utilities.GenericMethods.isElementPresent(GenericMethods.java:71)
	at utilities.OnBoardingUtils.handleLanguageAlert(OnBoardingUtils.java:61)
	at utilities.OnBoardingUtils.setUpUserAccount(OnBoardingUtils.java:54)
	at base.BaseTestSuite.beforeClas(BaseTestSuite.java:82)
	at java.util.concurrent.FutureTask.run(Unknown Source)
	at java.util.concurrent.ThreadPoolExecutor.runWorker(Unknown Source)
	at java.util.concurrent.ThreadPoolExecutor$Worker.run(Unknown Source)
	at java.lang.Thread.run(Unknown Source)
... Removed 20 stack frames</pre></div><a href='#' onClick='toggleBox("stack-trace416662668", this, "Click to show all stack frames", "Click to hide stack frames")'>Click to show all stack frames</a>
<div class='stack-trace' id='stack-trace416662668'><pre>org.openqa.selenium.WebDriverException: TypeError: can&apos;t access dead object
Build info: version: &apos;unknown&apos;, revision: &apos;unknown&apos;, time: &apos;unknown&apos;
System info: host: &apos;MDVLFARZANS&apos;, ip: &apos;172.16.138.89&apos;, os.name: &apos;Windows 10&apos;, os.arch: &apos;amd64&apos;, os.version: &apos;10.0&apos;, java.version: &apos;1.8.0_141&apos;
Driver info: org.openqa.selenium.firefox.FirefoxDriver
Capabilities [{moz:profile=C:\Users\FARZAN~1.DIR\AppData\Local\Temp\rust_mozprofile.3hHq2qJ2Bsgy, rotatable=false, timeouts={implicit=0.0, pageLoad=300000.0, script=30000.0}, pageLoadStrategy=normal, platform=ANY, specificationLevel=0.0, moz:accessibilityChecks=false, acceptInsecureCerts=false, browserVersion=54.0.1, platformVersion=10.0, moz:processID=13772.0, browserName=firefox, javascriptEnabled=true, platformName=windows_nt}]
Session ID: c35c4a56-0bcf-4d1e-ab82-5d0c459bf720
*** Element info: {Using=xpath, value=.//div[@style=&apos;position: absolute; opacity: 1; left: 750px; top: 106px; z-index: 950;&apos;]/div[@class=&apos;dijitDialogPaneContent&apos;]}
	at sun.reflect.NativeConstructorAccessorImpl.newInstance0(Native Method)
	at sun.reflect.NativeConstructorAccessorImpl.newInstance(Unknown Source)
	at sun.reflect.DelegatingConstructorAccessorImpl.newInstance(Unknown Source)
	at java.lang.reflect.Constructor.newInstance(Unknown Source)
	at org.openqa.selenium.remote.http.W3CHttpResponseCodec.createException(W3CHttpResponseCodec.java:150)
	at org.openqa.selenium.remote.http.W3CHttpResponseCodec.decode(W3CHttpResponseCodec.java:115)
	at org.openqa.selenium.remote.http.W3CHttpResponseCodec.decode(W3CHttpResponseCodec.java:45)
	at org.openqa.selenium.remote.HttpCommandExecutor.execute(HttpCommandExecutor.java:164)
	at org.openqa.selenium.remote.service.DriverCommandExecutor.execute(DriverCommandExecutor.java:82)
	at org.openqa.selenium.remote.RemoteWebDriver.execute(RemoteWebDriver.java:637)
	at org.openqa.selenium.remote.RemoteWebDriver.findElements(RemoteWebDriver.java:437)
	at org.openqa.selenium.remote.RemoteWebDriver.findElementsByXPath(RemoteWebDriver.java:513)
	at org.openqa.selenium.By$ByXPath.findElements(By.java:356)
	at org.openqa.selenium.remote.RemoteWebDriver.findElements(RemoteWebDriver.java:398)
	at utilities.GenericMethods.getElementList(GenericMethods.java:54)
	at utilities.GenericMethods.isElementPresent(GenericMethods.java:71)
	at utilities.OnBoardingUtils.handleLanguageAlert(OnBoardingUtils.java:61)
	at utilities.OnBoardingUtils.setUpUserAccount(OnBoardingUtils.java:54)
	at base.BaseTestSuite.beforeClas(BaseTestSuite.java:82)
	at sun.reflect.NativeMethodAccessorImpl.invoke0(Native Method)
	at sun.reflect.NativeMethodAccessorImpl.invoke(Unknown Source)
	at sun.reflect.DelegatingMethodAccessorImpl.invoke(Unknown Source)
	at java.lang.reflect.Method.invoke(Unknown Source)
	at org.testng.internal.MethodInvocationHelper.invokeMethod(MethodInvocationHelper.java:108)
	at org.testng.internal.Invoker.invokeConfigurationMethod(Invoker.java:523)
	at org.testng.internal.Invoker.invokeConfigurations(Invoker.java:224)
	at org.testng.internal.Invoker.invokeConfigurations(Invoker.java:146)
	at org.testng.internal.TestMethodWorker.invokeBeforeClassMethods(TestMethodWorker.java:166)
	at org.testng.internal.TestMethodWorker.run(TestMethodWorker.java:105)
	at org.testng.TestRunner.privateRun(TestRunner.java:744)
	at org.testng.TestRunner.run(TestRunner.java:602)
	at org.testng.SuiteRunner.runTest(SuiteRunner.java:380)
	at org.testng.SuiteRunner.access$000(SuiteRunner.java:39)
	at org.testng.SuiteRunner$SuiteWorker.run(SuiteRunner.java:414)
	at org.testng.internal.thread.ThreadUtil$1.call(ThreadUtil.java:52)
	at java.util.concurrent.FutureTask.run(Unknown Source)
	at java.util.concurrent.ThreadPoolExecutor.runWorker(Unknown Source)
	at java.util.concurrent.ThreadPoolExecutor$Worker.run(Unknown Source)
	at java.lang.Thread.run(Unknown Source)
</pre></div></td>
<td>0</td>
<td>flockClient.searchPlus@76ed1b7c</td></tr>
</table><p>
</body>
</html>