<?xml version="1.0" encoding="UTF-8"?>
<!-- Generated by org.testng.reporters.JUnitXMLReporter -->
<testsuite hostname="MDVLFARZANS" ignored="0" name="Firefox Browser" tests="31" failures="0" timestamp="12 Jul 2017 08:07:55 GMT" time="89.382" errors="0">
  <testcase name="@BeforeClass beforeClass" time="35.874" classname="base.BaseTestSuite">
    <failure type="org.openqa.selenium.TimeoutException" message="timeout: cannot determine loading status
from timeout: Timed out receiving message from renderer: -1.414
  (Session info: chrome=59.0.3071.115)
  (Driver info: chromedriver=2.28.455520 (cc17746adff54984afff480136733114c6b3704b),platform=Windows NT 10.0.10586 x86_64) (WARNING: The server did not provide any stacktrace information)
Command duration or timeout: 31.43 seconds
Build info: version: &amp;apos;unknown&amp;apos;, revision: &amp;apos;unknown&amp;apos;, time: &amp;apos;unknown&amp;apos;
System info: host: &amp;apos;MDVLFARZANS&amp;apos;, ip: &amp;apos;172.16.152.107&amp;apos;, os.name: &amp;apos;Windows 10&amp;apos;, os.arch: &amp;apos;amd64&amp;apos;, os.version: &amp;apos;10.0&amp;apos;, java.version: &amp;apos;1.8.0_131&amp;apos;
Driver info: org.openqa.selenium.chrome.ChromeDriver
Capabilities [{applicationCacheEnabled=false, rotatable=false, mobileEmulationEnabled=false, networkConnectionEnabled=false, chrome={chromedriverVersion=2.28.455520 (cc17746adff54984afff480136733114c6b3704b), userDataDir=C:\Users\FARZAN~1.DIR\AppData\Local\Temp\scoped_dir2444_17282}, takesHeapSnapshot=true, pageLoadStrategy=normal, databaseEnabled=false, handlesAlerts=true, hasTouchScreen=false, version=59.0.3071.115, platform=XP, browserConnectionEnabled=false, nativeEvents=true, acceptSslCerts=true, locationContextEnabled=true, webStorageEnabled=true, browserName=chrome, takesScreenshot=true, javascriptEnabled=true, cssSelectorsEnabled=true, unexpectedAlertBehaviour=}]
Session ID: 76db364e920118c2cf29ed21349f9d4f">
      <![CDATA[org.openqa.selenium.TimeoutException: timeout: cannot determine loading status
from timeout: Timed out receiving message from renderer: -1.414
  (Session info: chrome=59.0.3071.115)
  (Driver info: chromedriver=2.28.455520 (cc17746adff54984afff480136733114c6b3704b),platform=Windows NT 10.0.10586 x86_64) (WARNING: The server did not provide any stacktrace information)
Command duration or timeout: 31.43 seconds
Build info: version: 'unknown', revision: 'unknown', time: 'unknown'
System info: host: 'MDVLFARZANS', ip: '172.16.152.107', os.name: 'Windows 10', os.arch: 'amd64', os.version: '10.0', java.version: '1.8.0_131'
Driver info: org.openqa.selenium.chrome.ChromeDriver
Capabilities [{applicationCacheEnabled=false, rotatable=false, mobileEmulationEnabled=false, networkConnectionEnabled=false, chrome={chromedriverVersion=2.28.455520 (cc17746adff54984afff480136733114c6b3704b), userDataDir=C:\Users\FARZAN~1.DIR\AppData\Local\Temp\scoped_dir2444_17282}, takesHeapSnapshot=true, pageLoadStrategy=normal, databaseEnabled=false, handlesAlerts=true, hasTouchScreen=false, version=59.0.3071.115, platform=XP, browserConnectionEnabled=false, nativeEvents=true, acceptSslCerts=true, locationContextEnabled=true, webStorageEnabled=true, browserName=chrome, takesScreenshot=true, javascriptEnabled=true, cssSelectorsEnabled=true, unexpectedAlertBehaviour=}]
Session ID: 76db364e920118c2cf29ed21349f9d4f
	at org.openqa.selenium.remote.ErrorHandler.createThrowable(ErrorHandler.java:215)
	at org.openqa.selenium.remote.ErrorHandler.throwIfResponseFailed(ErrorHandler.java:167)
	at org.openqa.selenium.remote.RemoteWebDriver.execute(RemoteWebDriver.java:671)
	at org.openqa.selenium.remote.RemoteWebDriver.get(RemoteWebDriver.java:364)
	at base.BaseTestSuite.beforeClass(BaseTestSuite.java:44)
	at java.util.concurrent.FutureTask.run(Unknown Source)
	at java.util.concurrent.ThreadPoolExecutor.runWorker(Unknown Source)
	at java.util.concurrent.ThreadPoolExecutor$Worker.run(Unknown Source)
	at java.lang.Thread.run(Unknown Source)
... Removed 20 stack frames]]>
    </failure>
  </testcase> <!-- @BeforeClass beforeClass -->
  <testcase name="@BeforeMethod beforeMethod" time="0.0" classname="SignIn.FlockSignInDetailed">
    <skipped/>
  </testcase> <!-- @BeforeMethod beforeMethod -->
  <testcase name="@BeforeMethod beforeMethod" time="0.0" classname="SignIn.FlockSignInDetailed">
    <skipped/>
  </testcase> <!-- @BeforeMethod beforeMethod -->
  <testcase name="@BeforeMethod beforeMethod" time="0.0" classname="SignIn.FlockSignInDetailed">
    <skipped/>
  </testcase> <!-- @BeforeMethod beforeMethod -->
  <testcase name="@BeforeMethod beforeMethod" time="0.0" classname="SignIn.FlockSignInDetailed">
    <skipped/>
  </testcase> <!-- @BeforeMethod beforeMethod -->
  <testcase name="@BeforeMethod beforeMethod" time="0.0" classname="SignIn.FlockSignInDetailed">
    <skipped/>
  </testcase> <!-- @BeforeMethod beforeMethod -->
  <testcase name="@BeforeMethod beforeMethod" time="0.0" classname="SignIn.FlockSignInDetailed">
    <skipped/>
  </testcase> <!-- @BeforeMethod beforeMethod -->
  <testcase name="@BeforeMethod beforeMethod" time="0.0" classname="SignIn.FlockSignInDetailed">
    <skipped/>
  </testcase> <!-- @BeforeMethod beforeMethod -->
  <testcase name="@BeforeMethod beforeMethod" time="0.0" classname="SignIn.FlockSignInDetailed">
    <skipped/>
  </testcase> <!-- @BeforeMethod beforeMethod -->
  <testcase name="@BeforeMethod beforeMethod" time="0.0" classname="SignIn.FlockSignInDetailed">
    <skipped/>
  </testcase> <!-- @BeforeMethod beforeMethod -->
  <testcase name="@BeforeMethod beforeMethod" time="0.0" classname="SignIn.FlockSignInDetailed">
    <skipped/>
  </testcase> <!-- @BeforeMethod beforeMethod -->
  <testcase name="@BeforeMethod beforeMethod" time="0.0" classname="SignIn.FlockSignInDetailed">
    <skipped/>
  </testcase> <!-- @BeforeMethod beforeMethod -->
  <testcase name="@BeforeMethod beforeMethod" time="0.0" classname="SignIn.FlockSignInDetailed">
    <skipped/>
  </testcase> <!-- @BeforeMethod beforeMethod -->
  <testcase name="@BeforeMethod beforeMethod" time="0.0" classname="SignIn.FlockSignInDetailed">
    <skipped/>
  </testcase> <!-- @BeforeMethod beforeMethod -->
  <testcase name="@BeforeMethod beforeMethod" time="0.0" classname="SignIn.FlockSignInDetailed">
    <skipped/>
  </testcase> <!-- @BeforeMethod beforeMethod -->
  <testcase name="@BeforeMethod beforeMethod" time="0.0" classname="SignIn.FlockSignInDetailed">
    <skipped/>
  </testcase> <!-- @BeforeMethod beforeMethod -->
  <testcase name="@BeforeMethod beforeMethod" time="0.0" classname="SignIn.FlockSignInDetailed">
    <skipped/>
  </testcase> <!-- @BeforeMethod beforeMethod -->
  <testcase name="@BeforeMethod beforeMethod" time="0.0" classname="SignIn.FlockSignInDetailed">
    <skipped/>
  </testcase> <!-- @BeforeMethod beforeMethod -->
  <testcase name="@BeforeMethod beforeMethod" time="0.0" classname="SignIn.FlockSignInDetailed">
    <skipped/>
  </testcase> <!-- @BeforeMethod beforeMethod -->
  <testcase name="@BeforeMethod beforeMethod" time="0.0" classname="SignIn.FlockSignInDetailed">
    <skipped/>
  </testcase> <!-- @BeforeMethod beforeMethod -->
  <testcase name="@BeforeMethod beforeMethod" time="0.0" classname="SignIn.FlockSignInDetailed">
    <skipped/>
  </testcase> <!-- @BeforeMethod beforeMethod -->
  <testcase name="@BeforeMethod beforeMethod" time="0.0" classname="SignIn.FlockSignInDetailed">
    <skipped/>
  </testcase> <!-- @BeforeMethod beforeMethod -->
  <testcase name="@BeforeMethod beforeMethod" time="0.0" classname="SignIn.FlockSignInDetailed">
    <skipped/>
  </testcase> <!-- @BeforeMethod beforeMethod -->
  <testcase name="@BeforeMethod beforeMethod" time="0.0" classname="SignIn.FlockSignInDetailed">
    <skipped/>
  </testcase> <!-- @BeforeMethod beforeMethod -->
  <testcase name="@BeforeMethod beforeMethod" time="0.0" classname="SignIn.FlockSignInDetailed">
    <skipped/>
  </testcase> <!-- @BeforeMethod beforeMethod -->
  <testcase name="@BeforeMethod beforeMethod" time="0.0" classname="SignIn.FlockSignInDetailed">
    <skipped/>
  </testcase> <!-- @BeforeMethod beforeMethod -->
  <testcase name="@BeforeMethod beforeMethod" time="0.0" classname="SignIn.FlockSignInDetailed">
    <skipped/>
  </testcase> <!-- @BeforeMethod beforeMethod -->
  <testcase name="@BeforeMethod beforeMethod" time="0.0" classname="SignIn.FlockSignInDetailed">
    <skipped/>
  </testcase> <!-- @BeforeMethod beforeMethod -->
  <testcase name="@BeforeMethod beforeMethod" time="0.0" classname="SignIn.FlockSignInDetailed">
    <skipped/>
  </testcase> <!-- @BeforeMethod beforeMethod -->
  <testcase name="@BeforeMethod beforeMethod" time="0.0" classname="SignIn.FlockSignInDetailed">
    <skipped/>
  </testcase> <!-- @BeforeMethod beforeMethod -->
  <testcase name="@BeforeMethod beforeMethod" time="0.0" classname="SignIn.FlockSignInDetailed">
    <skipped/>
  </testcase> <!-- @BeforeMethod beforeMethod -->
  <testcase name="@BeforeMethod beforeMethod" time="0.0" classname="SignIn.FlockSignInDetailed">
    <skipped/>
  </testcase> <!-- @BeforeMethod beforeMethod -->
  <testcase name="@AfterClass afterClass" time="0.0" classname="base.BaseTestSuite">
    <skipped/>
  </testcase> <!-- @AfterClass afterClass -->
  <testcase name="windowTitle" time="1.378" classname="SignIn.FlockSignInDetailed"/>
  <testcase name="languageSwitcher" time="3.937" classname="SignIn.FlockSignInDetailed"/>
  <testcase name="Heading" time="0.57" classname="SignIn.FlockSignInDetailed"/>
  <testcase name="contactSupport" time="12.01" classname="SignIn.FlockSignInDetailed"/>
  <testcase name="subHeading" time="0.19" classname="SignIn.FlockSignInDetailed"/>
  <testcase name="emailPlaceHolder" time="0.113" classname="SignIn.FlockSignInDetailed"/>
  <testcase name="loginButton" time="0.116" classname="SignIn.FlockSignInDetailed"/>
  <testcase name="onbaordingSideBar" time="0.024" classname="SignIn.FlockSignInDetailed"/>
  <testcase name="emailFieldErrorMessage" time="0.595" classname="SignIn.FlockSignInDetailed"/>
  <testcase name="emailFieldErrorMessage" time="0.447" classname="SignIn.FlockSignInDetailed"/>
  <testcase name="emailFieldErrorMessage" time="0.464" classname="SignIn.FlockSignInDetailed"/>
  <testcase name="enterEmail" time="0.297" classname="SignIn.FlockSignInDetailed"/>
  <testcase name="googleAuthHeading" time="1.207" classname="SignIn.FlockSignInDetailed"/>
  <testcase name="googleAuthButton" time="0.105" classname="SignIn.FlockSignInDetailed"/>
  <testcase name="googleAuthSkipButton" time="0.102" classname="SignIn.FlockSignInDetailed"/>
  <testcase name="googleAuthSubHeading" time="0.126" classname="SignIn.FlockSignInDetailed"/>
  <testcase name="googleAuthNote" time="0.177" classname="SignIn.FlockSignInDetailed"/>
  <testcase name="clickSkipGoogleAuth" time="0.179" classname="SignIn.FlockSignInDetailed"/>
  <testcase name="otpHeading" time="0.277" classname="SignIn.FlockSignInDetailed"/>
  <testcase name="otpSubHeading" time="0.317" classname="SignIn.FlockSignInDetailed"/>
  <testcase name="otpPlaceHolder" time="0.091" classname="SignIn.FlockSignInDetailed"/>
  <testcase name="resendOtpText" time="0.106" classname="SignIn.FlockSignInDetailed"/>
  <testcase name="resendOtpHook" time="0.326" classname="SignIn.FlockSignInDetailed"/>
  <testcase name="resendOtpHookClicked" time="0.374" classname="SignIn.FlockSignInDetailed"/>
  <testcase name="checkEditButton" time="5.636" classname="SignIn.FlockSignInDetailed"/>
  <testcase name="verifyButton" time="0.254" classname="SignIn.FlockSignInDetailed"/>
  <testcase name="otpErrorMessage" time="2.414" classname="SignIn.FlockSignInDetailed"/>
  <testcase name="otpErrorMessage" time="2.363" classname="SignIn.FlockSignInDetailed"/>
  <testcase name="otpErrorMessage" time="2.374" classname="SignIn.FlockSignInDetailed"/>
  <testcase name="otpErrorMessage1" time="2.347" classname="SignIn.FlockSignInDetailed"/>
  <testcase name="enterOTP" time="0.209" classname="SignIn.FlockSignInDetailed"/>
</testsuite> <!-- Firefox Browser -->
