<!DOCTYPE html PUBLIC "-//W3C//DTD XHTML 1.1//EN" "http://www.w3.org/TR/xhtml11/DTD/xhtml11.dtd">
<html xmlns="http://www.w3.org/1999/xhtml"><head><title>TestNG Report</title><style type="text/css">table {margin-bottom:10px;border-collapse:collapse;empty-cells:show}th,td {border:1px solid #009;padding:.25em .5em}th {vertical-align:bottom}td {vertical-align:top}table a {font-weight:bold}.stripe td {background-color: #E6EBF9}.num {text-align:right}.passedodd td {background-color: #3F3}.passedeven td {background-color: #0A0}.skippedodd td {background-color: #DDD}.skippedeven td {background-color: #CCC}.failedodd td,.attn {background-color: #F33}.failedeven td,.stripe .attn {background-color: #D00}.stacktrace {white-space:pre;font-family:monospace}.totop {font-size:85%;text-align:center;border-bottom:2px solid #000}</style></head><body><table><tr><th>Test</th><th># Passed</th><th># Skipped</th><th># Failed</th><th>Time (ms)</th><th>Included Groups</th><th>Excluded Groups</th></tr><tr><th colspan="7">searchPlus</th></tr><tr><td><a href="#t0">Chorme Browser</a></td><td class="num">1</td><td class="num">0</td><td class="num attn">2</td><td class="num">160,211</td><td></td><td></td></tr></table><table id='summary'><thead><tr><th>Class</th><th>Method</th><th>Start</th><th>Time (ms)</th></tr></thead><tbody><tr><th colspan="4">searchPlus</th></tr></tbody><tbody id="t0"><tr><th colspan="4">Chorme Browser &#8212; failed</th></tr><tr class="failedeven"><td rowspan="2">flockClient.searchPlus</td><td><a href="#m0">searchPlusInviteOption</a></td><td rowspan="1">1502099793938</td><td rowspan="1">3136</td></tr><tr class="failedeven"><td><a href="#m1">searchPlusJoinChannelOption</a></td><td rowspan="1">1502099759747</td><td rowspan="1">34183</td></tr><tr><th colspan="4">Chorme Browser &#8212; passed</th></tr><tr class="passedeven"><td rowspan="1">flockClient.searchPlus</td><td><a href="#m2">searchPlusChannelOption</a></td><td rowspan="1">1502099756753</td><td rowspan="1">2989</td></tr></tbody></table><h2>Chorme Browser</h2><h3 id="m0">flockClient.searchPlus#searchPlusInviteOption</h3><table class="result"><tr><th>Messages</th></tr><tr><td><div class="messages">Starting Test (onTestStart): searchPlusInviteOption<br/>About to begin executing following method (beforeInvocation): flockClient.searchPlus => searchPlusInviteOption<br/>Finished executing the following method (afterInvocation): flockClient.searchPlus => searchPlusInviteOption<br/>Failed Test (onTestFailure): searchPlusInviteOption</div></td></tr><tr><th>Exception</th></tr><tr><td><div class="stacktrace">org.openqa.selenium.WebDriverException: unknown error: Element &lt;div class=&quot;plus-icon dijitDownArrowButton protip-item&quot; id=&quot;shell_plus_PlusWidget_0&quot; widgetid=&quot;shell_plus_PlusWidget_0&quot; data-protip-id=&quot;2&quot; popupactive=&quot;true&quot;&gt;&lt;/div&gt; is not clickable at point (288, 137). Other element would receive the click: &lt;div class=&quot;dijitDialogUnderlay dialogWidget_underlay adder_dialog_underlay new-channel-dialog_underlay group-create-dialog_underlay group-discovery_underlay&quot; data-dojo-attach-point=&quot;node&quot; id=&quot;widgets_Dialog_5_underlay&quot; style=&quot;width: 1366px; height: 623px;&quot;&gt;&lt;/div&gt;
  (Session info: chrome=59.0.3071.115)
  (Driver info: chromedriver=2.28.455520 (cc17746adff54984afff480136733114c6b3704b),platform=Windows NT 10.0.10586 x86_64) (WARNING: The server did not provide any stacktrace information)
Command duration or timeout: 63 milliseconds
Build info: version: &apos;unknown&apos;, revision: &apos;unknown&apos;, time: &apos;unknown&apos;
System info: host: &apos;MDVLFARZANS&apos;, ip: &apos;172.16.138.89&apos;, os.name: &apos;Windows 10&apos;, os.arch: &apos;amd64&apos;, os.version: &apos;10.0&apos;, java.version: &apos;1.8.0_141&apos;
Driver info: org.openqa.selenium.chrome.ChromeDriver
Capabilities [{applicationCacheEnabled=false, rotatable=false, mobileEmulationEnabled=false, networkConnectionEnabled=false, chrome={chromedriverVersion=2.28.455520 (cc17746adff54984afff480136733114c6b3704b), userDataDir=C:\Users\FARZAN~1.DIR\AppData\Local\Temp\scoped_dir808_4015}, takesHeapSnapshot=true, pageLoadStrategy=normal, databaseEnabled=false, handlesAlerts=true, hasTouchScreen=false, version=59.0.3071.115, platform=XP, browserConnectionEnabled=false, nativeEvents=true, acceptSslCerts=true, locationContextEnabled=true, webStorageEnabled=true, browserName=chrome, takesScreenshot=true, javascriptEnabled=true, cssSelectorsEnabled=true, unexpectedAlertBehaviour=}]
Session ID: 5dd5907a27ac54d5689327362a4a5963
	at org.openqa.selenium.remote.ErrorHandler.createThrowable(ErrorHandler.java:215)
	at org.openqa.selenium.remote.ErrorHandler.throwIfResponseFailed(ErrorHandler.java:167)
	at org.openqa.selenium.remote.RemoteWebDriver.execute(RemoteWebDriver.java:671)
	at org.openqa.selenium.remote.RemoteWebElement.execute(RemoteWebElement.java:272)
	at org.openqa.selenium.remote.RemoteWebElement.click(RemoteWebElement.java:82)
	at org.openqa.selenium.support.pagefactory.internal.LocatingElementHandler.invoke(LocatingElementHandler.java:51)
	at com.sun.proxy.$Proxy31.click(Unknown Source)
	at utilities.clientElement.clickUniverlSearchPlusIcon(clientElement.java:42)
	at flockClient.searchPlus.searchPlusInviteOption(searchPlus.java:122)
	at java.util.concurrent.FutureTask.run(Unknown Source)
	at java.util.concurrent.ThreadPoolExecutor.runWorker(Unknown Source)
	at java.util.concurrent.ThreadPoolExecutor$Worker.run(Unknown Source)
	at java.lang.Thread.run(Unknown Source)
... Removed 24 stack frames</div></td></tr></table><p class="totop"><a href="#summary">back to summary</a></p><h3 id="m1">flockClient.searchPlus#searchPlusJoinChannelOption</h3><table class="result"><tr><th>Messages</th></tr><tr><td><div class="messages">Starting Test (onTestStart): searchPlusJoinChannelOption<br/>About to begin executing following method (beforeInvocation): flockClient.searchPlus => searchPlusJoinChannelOption<br/>Finished executing the following method (afterInvocation): flockClient.searchPlus => searchPlusJoinChannelOption<br/>Failed Test (onTestFailure): searchPlusJoinChannelOption</div></td></tr><tr><th>Exception</th></tr><tr><td><div class="stacktrace">org.openqa.selenium.NoSuchElementException: no such element: Unable to locate element: {&quot;method&quot;:&quot;xpath&quot;,&quot;selector&quot;:&quot;//div[@id=&apos;widgets_Dialog_4&apos;]//span[@role=&apos;button&apos;]&quot;}
  (Session info: chrome=59.0.3071.115)
  (Driver info: chromedriver=2.28.455520 (cc17746adff54984afff480136733114c6b3704b),platform=Windows NT 10.0.10586 x86_64) (WARNING: The server did not provide any stacktrace information)
Command duration or timeout: 30.05 seconds
For documentation on this error, please visit: http://seleniumhq.org/exceptions/no_such_element.html
Build info: version: &apos;unknown&apos;, revision: &apos;unknown&apos;, time: &apos;unknown&apos;
System info: host: &apos;MDVLFARZANS&apos;, ip: &apos;172.16.138.89&apos;, os.name: &apos;Windows 10&apos;, os.arch: &apos;amd64&apos;, os.version: &apos;10.0&apos;, java.version: &apos;1.8.0_141&apos;
Driver info: org.openqa.selenium.chrome.ChromeDriver
Capabilities [{applicationCacheEnabled=false, rotatable=false, mobileEmulationEnabled=false, networkConnectionEnabled=false, chrome={chromedriverVersion=2.28.455520 (cc17746adff54984afff480136733114c6b3704b), userDataDir=C:\Users\FARZAN~1.DIR\AppData\Local\Temp\scoped_dir808_4015}, takesHeapSnapshot=true, pageLoadStrategy=normal, databaseEnabled=false, handlesAlerts=true, hasTouchScreen=false, version=59.0.3071.115, platform=XP, browserConnectionEnabled=false, nativeEvents=true, acceptSslCerts=true, locationContextEnabled=true, webStorageEnabled=true, browserName=chrome, takesScreenshot=true, javascriptEnabled=true, cssSelectorsEnabled=true, unexpectedAlertBehaviour=}]
Session ID: 5dd5907a27ac54d5689327362a4a5963
*** Element info: {Using=xpath, value=//div[@id=&apos;widgets_Dialog_4&apos;]//span[@role=&apos;button&apos;]}
	at org.openqa.selenium.remote.ErrorHandler.createThrowable(ErrorHandler.java:215)
	at org.openqa.selenium.remote.ErrorHandler.throwIfResponseFailed(ErrorHandler.java:167)
	at org.openqa.selenium.remote.RemoteWebDriver.execute(RemoteWebDriver.java:671)
	at org.openqa.selenium.remote.RemoteWebDriver.findElement(RemoteWebDriver.java:410)
	at org.openqa.selenium.remote.RemoteWebDriver.findElementByXPath(RemoteWebDriver.java:509)
	at org.openqa.selenium.By$ByXPath.findElement(By.java:361)
	at org.openqa.selenium.remote.RemoteWebDriver.findElement(RemoteWebDriver.java:402)
	at org.openqa.selenium.support.pagefactory.DefaultElementLocator.findElement(DefaultElementLocator.java:69)
	at org.openqa.selenium.support.pagefactory.internal.LocatingElementHandler.invoke(LocatingElementHandler.java:38)
	at com.sun.proxy.$Proxy31.getSize(Unknown Source)
	at utilities.clientElement.clickStartChannelModalClose(clientElement.java:69)
	at flockClient.searchPlus.searchPlusJoinChannelOption(searchPlus.java:85)
	at java.util.concurrent.FutureTask.run(Unknown Source)
	at java.util.concurrent.ThreadPoolExecutor.runWorker(Unknown Source)
	at java.util.concurrent.ThreadPoolExecutor$Worker.run(Unknown Source)
	at java.lang.Thread.run(Unknown Source)
... Removed 20 stack frames</div></td></tr></table><p class="totop"><a href="#summary">back to summary</a></p><h3 id="m2">flockClient.searchPlus#searchPlusChannelOption</h3><table class="result"><tr><th>Messages</th></tr><tr><td><div class="messages">Starting Test (onTestStart): searchPlusChannelOption<br/>About to begin executing following method (beforeInvocation): flockClient.searchPlus => searchPlusChannelOption<br/>Finished executing the following method (afterInvocation): flockClient.searchPlus => searchPlusChannelOption<br/>Successful Test (onTestSuccess): searchPlusChannelOption</div></td></tr></table><p class="totop"><a href="#summary">back to summary</a></p></body></html>